============================= test session starts ==============================
platform linux -- Python 3.7.10, pytest-6.2.3, py-1.11.0, pluggy-0.13.1 -- /bin/python3
cachedir: .pytest_cache
rootdir: /home/croy/astro3
plugins: mock-3.5.1
collecting ... collected 4410 items

test_solar.py::test_get_observer_location_success PASSED                 [  0%]
test_solar.py::test_get_observer_location_server_error PASSED            [  0%]
test_solar.py::test_get_observer_location_connectionerror PASSED         [  0%]
test_solar.py::test_get_observer_location_timeouterror PASSED            [  0%]
test_solar.py::test_get_sun_position_success PASSED                      [  0%]
test_solar.py::test_get_sun_position_server_error PASSED                 [  0%]
test_solar.py::test_get_sun_position_connectionerror PASSED              [  0%]
test_solar.py::test_get_sun_position_timeout PASSED                      [  0%]
lib/python3.7/site-packages/DateTime/tests/test_datetime.py::DateTimeTests::testAddPrecision PASSED [  0%]
lib/python3.7/site-packages/DateTime/tests/test_datetime.py::DateTimeTests::testBasicTZ PASSED [  0%]
lib/python3.7/site-packages/DateTime/tests/test_datetime.py::DateTimeTests::testBug1203 PASSED [  0%]
lib/python3.7/site-packages/DateTime/tests/test_datetime.py::DateTimeTests::testConsistentSecondMicroRounding PASSED [  0%]
lib/python3.7/site-packages/DateTime/tests/test_datetime.py::DateTimeTests::testConstructor3 PASSED [  0%]
lib/python3.7/site-packages/DateTime/tests/test_datetime.py::DateTimeTests::testConstructor4 PASSED [  0%]
lib/python3.7/site-packages/DateTime/tests/test_datetime.py::DateTimeTests::testConstructor5 PASSED [  0%]
lib/python3.7/site-packages/DateTime/tests/test_datetime.py::DateTimeTests::testConstructor6 PASSED [  0%]
lib/python3.7/site-packages/DateTime/tests/test_datetime.py::DateTimeTests::testConstructor7 PASSED [  0%]
lib/python3.7/site-packages/DateTime/tests/test_datetime.py::DateTimeTests::testConversions PASSED [  0%]
lib/python3.7/site-packages/DateTime/tests/test_datetime.py::DateTimeTests::testCopyConstructor PASSED [  0%]
lib/python3.7/site-packages/DateTime/tests/test_datetime.py::DateTimeTests::testCopyConstructorPreservesTimezone PASSED [  0%]
lib/python3.7/site-packages/DateTime/tests/test_datetime.py::DateTimeTests::testDSTInEffect PASSED [  0%]
lib/python3.7/site-packages/DateTime/tests/test_datetime.py::DateTimeTests::testDSTNotInEffect PASSED [  0%]
lib/python3.7/site-packages/DateTime/tests/test_datetime.py::DateTimeTests::testDayOfWeek PASSED [  0%]
lib/python3.7/site-packages/DateTime/tests/test_datetime.py::DateTimeTests::testEDTTimezone PASSED [  0%]
lib/python3.7/site-packages/DateTime/tests/test_datetime.py::DateTimeTests::testISO8601 PASSED [  0%]
lib/python3.7/site-packages/DateTime/tests/test_datetime.py::DateTimeTests::testInternationalDateformat PASSED [  0%]
lib/python3.7/site-packages/DateTime/tests/test_datetime.py::DateTimeTests::testJulianWeek PASSED [  0%]
lib/python3.7/site-packages/DateTime/tests/test_datetime.py::DateTimeTests::testOldDate PASSED [  0%]
lib/python3.7/site-packages/DateTime/tests/test_datetime.py::DateTimeTests::testParseISO8601 PASSED [  0%]
lib/python3.7/site-packages/DateTime/tests/test_datetime.py::DateTimeTests::testRFC822 PASSED [  0%]
lib/python3.7/site-packages/DateTime/tests/test_datetime.py::DateTimeTests::testStrftimeFarDates PASSED [  0%]
lib/python3.7/site-packages/DateTime/tests/test_datetime.py::DateTimeTests::testStrftimeTZhandling PASSED [  0%]
lib/python3.7/site-packages/DateTime/tests/test_datetime.py::DateTimeTests::testStrftimeUnicode PASSED [  0%]
lib/python3.7/site-packages/DateTime/tests/test_datetime.py::DateTimeTests::testSubtraction PASSED [  0%]
lib/python3.7/site-packages/DateTime/tests/test_datetime.py::DateTimeTests::testTZ1add PASSED [  0%]
lib/python3.7/site-packages/DateTime/tests/test_datetime.py::DateTimeTests::testTZ1diff PASSED [  0%]
lib/python3.7/site-packages/DateTime/tests/test_datetime.py::DateTimeTests::testTZ1sub PASSED [  0%]
lib/python3.7/site-packages/DateTime/tests/test_datetime.py::DateTimeTests::testTZ2 PASSED [  0%]
lib/python3.7/site-packages/DateTime/tests/test_datetime.py::DateTimeTests::testTZDiffDaylight PASSED [  0%]
lib/python3.7/site-packages/DateTime/tests/test_datetime.py::DateTimeTests::testTimezoneNaiveHandling PASSED [  0%]
lib/python3.7/site-packages/DateTime/tests/test_datetime.py::DateTimeTests::testY10KDate PASSED [  0%]
lib/python3.7/site-packages/DateTime/tests/test_datetime.py::DateTimeTests::testZoneInFarDates PASSED [  0%]
lib/python3.7/site-packages/DateTime/tests/test_datetime.py::DateTimeTests::test_calcTimezoneName PASSED [  0%]
lib/python3.7/site-packages/DateTime/tests/test_datetime.py::DateTimeTests::test_compare_methods PASSED [  0%]
lib/python3.7/site-packages/DateTime/tests/test_datetime.py::DateTimeTests::test_compare_methods_none PASSED [  1%]
lib/python3.7/site-packages/DateTime/tests/test_datetime.py::DateTimeTests::test_format PASSED [  1%]
lib/python3.7/site-packages/DateTime/tests/test_datetime.py::DateTimeTests::test_interface PASSED [  1%]
lib/python3.7/site-packages/DateTime/tests/test_datetime.py::DateTimeTests::test_intl_format_hyphen PASSED [  1%]
lib/python3.7/site-packages/DateTime/tests/test_datetime.py::DateTimeTests::test_pickle PASSED [  1%]
lib/python3.7/site-packages/DateTime/tests/test_datetime.py::DateTimeTests::test_pickle_old PASSED [  1%]
lib/python3.7/site-packages/DateTime/tests/test_datetime.py::DateTimeTests::test_pickle_old_without_micros PASSED [  1%]
lib/python3.7/site-packages/DateTime/tests/test_datetime.py::DateTimeTests::test_pickle_with_micros PASSED [  1%]
lib/python3.7/site-packages/DateTime/tests/test_datetime.py::DateTimeTests::test_pickle_with_numerical_tz PASSED [  1%]
lib/python3.7/site-packages/DateTime/tests/test_datetime.py::DateTimeTests::test_pickle_with_tz PASSED [  1%]
lib/python3.7/site-packages/DateTime/tests/test_datetime.py::DateTimeTests::test_security PASSED [  1%]
lib/python3.7/site-packages/DateTime/tests/test_datetime.py::DateTimeTests::test_tzoffset PASSED [  1%]
lib/python3.7/site-packages/DateTime/tests/test_datetime.py::test_suite PASSED [  1%]
lib/python3.7/site-packages/pyflakes/test/test_api.py::TestIterSourceCode::test_emptyDirectory PASSED [  1%]
lib/python3.7/site-packages/pyflakes/test/test_api.py::TestIterSourceCode::test_explicitFiles PASSED [  1%]
lib/python3.7/site-packages/pyflakes/test/test_api.py::TestIterSourceCode::test_multipleDirectories PASSED [  1%]
lib/python3.7/site-packages/pyflakes/test/test_api.py::TestIterSourceCode::test_onlyPythonSource PASSED [  1%]
lib/python3.7/site-packages/pyflakes/test/test_api.py::TestIterSourceCode::test_recurses PASSED [  1%]
lib/python3.7/site-packages/pyflakes/test/test_api.py::TestIterSourceCode::test_shebang PASSED [  1%]
lib/python3.7/site-packages/pyflakes/test/test_api.py::TestIterSourceCode::test_singleFile PASSED [  1%]
lib/python3.7/site-packages/pyflakes/test/test_api.py::TestReporter::test_flake PASSED [  1%]
lib/python3.7/site-packages/pyflakes/test/test_api.py::TestReporter::test_multiLineSyntaxError PASSED [  1%]
lib/python3.7/site-packages/pyflakes/test/test_api.py::TestReporter::test_syntaxError PASSED [  1%]
lib/python3.7/site-packages/pyflakes/test/test_api.py::TestReporter::test_syntaxErrorNoOffset PASSED [  1%]
lib/python3.7/site-packages/pyflakes/test/test_api.py::TestReporter::test_syntaxErrorNoText PASSED [  1%]
lib/python3.7/site-packages/pyflakes/test/test_api.py::TestReporter::test_unexpectedError PASSED [  1%]
lib/python3.7/site-packages/pyflakes/test/test_api.py::CheckTests::test_CRLFLineEndings PASSED [  1%]
lib/python3.7/site-packages/pyflakes/test/test_api.py::CheckTests::test_checkPathNonExisting PASSED [  1%]
lib/python3.7/site-packages/pyflakes/test/test_api.py::CheckTests::test_checkRecursive PASSED [  1%]
lib/python3.7/site-packages/pyflakes/test/test_api.py::CheckTests::test_encodedFileUTF8 PASSED [  1%]
lib/python3.7/site-packages/pyflakes/test/test_api.py::CheckTests::test_eofSyntaxError PASSED [  1%]
lib/python3.7/site-packages/pyflakes/test/test_api.py::CheckTests::test_eofSyntaxErrorWithTab PASSED [  1%]
lib/python3.7/site-packages/pyflakes/test/test_api.py::CheckTests::test_invalidEscape PASSED [  1%]
lib/python3.7/site-packages/pyflakes/test/test_api.py::CheckTests::test_legacyScript PASSED [  1%]
lib/python3.7/site-packages/pyflakes/test/test_api.py::CheckTests::test_misencodedFileUTF16 PASSED [  1%]
lib/python3.7/site-packages/pyflakes/test/test_api.py::CheckTests::test_misencodedFileUTF8 PASSED [  1%]
lib/python3.7/site-packages/pyflakes/test/test_api.py::CheckTests::test_missingTrailingNewline PASSED [  1%]
lib/python3.7/site-packages/pyflakes/test/test_api.py::CheckTests::test_multilineSyntaxError PASSED [  1%]
lib/python3.7/site-packages/pyflakes/test/test_api.py::CheckTests::test_nonDefaultFollowsDefaultSyntaxError PASSED [  1%]
lib/python3.7/site-packages/pyflakes/test/test_api.py::CheckTests::test_nonKeywordAfterKeywordSyntaxError PASSED [  1%]
lib/python3.7/site-packages/pyflakes/test/test_api.py::CheckTests::test_permissionDenied PASSED [  1%]
lib/python3.7/site-packages/pyflakes/test/test_api.py::CheckTests::test_pyflakesWarning PASSED [  1%]
lib/python3.7/site-packages/pyflakes/test/test_api.py::CheckTests::test_stdinReportsErrors PASSED [  1%]
lib/python3.7/site-packages/pyflakes/test/test_api.py::IntegrationTests::test_errors_io FAILED [  1%]
lib/python3.7/site-packages/pyflakes/test/test_api.py::IntegrationTests::test_errors_syntax FAILED [  2%]
lib/python3.7/site-packages/pyflakes/test/test_api.py::IntegrationTests::test_fileWithFlakes FAILED [  2%]
lib/python3.7/site-packages/pyflakes/test/test_api.py::IntegrationTests::test_goodFile FAILED [  2%]
lib/python3.7/site-packages/pyflakes/test/test_api.py::IntegrationTests::test_readFromStdin FAILED [  2%]
lib/python3.7/site-packages/pyflakes/test/test_api.py::TestMain::test_errors_io PASSED [  2%]
lib/python3.7/site-packages/pyflakes/test/test_api.py::TestMain::test_errors_syntax PASSED [  2%]
lib/python3.7/site-packages/pyflakes/test/test_api.py::TestMain::test_fileWithFlakes PASSED [  2%]
lib/python3.7/site-packages/pyflakes/test/test_api.py::TestMain::test_goodFile PASSED [  2%]
lib/python3.7/site-packages/pyflakes/test/test_api.py::TestMain::test_readFromStdin PASSED [  2%]
lib/python3.7/site-packages/pyflakes/test/test_builtin.py::TestBuiltins::test_builtin_unbound_local PASSED [  2%]
lib/python3.7/site-packages/pyflakes/test/test_builtin.py::TestBuiltins::test_global_shadowing_builtin PASSED [  2%]
lib/python3.7/site-packages/pyflakes/test/test_checker.py::TypeableVisitorTests::test_last_node_wins PASSED [  2%]
lib/python3.7/site-packages/pyflakes/test/test_checker.py::TypeableVisitorTests::test_node_types PASSED [  2%]
lib/python3.7/site-packages/pyflakes/test/test_checker.py::TypeableVisitorTests::test_py35_node_types PASSED [  2%]
lib/python3.7/site-packages/pyflakes/test/test_checker.py::TypeableVisitorTests::test_visitor_recurses PASSED [  2%]
lib/python3.7/site-packages/pyflakes/test/test_checker.py::CollectTypeCommentsTests::test_bytes PASSED [  2%]
lib/python3.7/site-packages/pyflakes/test/test_checker.py::CollectTypeCommentsTests::test_function_def_assigned_comments PASSED [  2%]
lib/python3.7/site-packages/pyflakes/test/test_checker.py::CollectTypeCommentsTests::test_last_node_wins PASSED [  2%]
lib/python3.7/site-packages/pyflakes/test/test_checker.py::CollectTypeCommentsTests::test_non_type_comment_ignored PASSED [  2%]
lib/python3.7/site-packages/pyflakes/test/test_checker.py::CollectTypeCommentsTests::test_text PASSED [  2%]
lib/python3.7/site-packages/pyflakes/test/test_checker.py::CollectTypeCommentsTests::test_type_comment_before_typeable PASSED [  2%]
lib/python3.7/site-packages/pyflakes/test/test_checker.py::CollectTypeCommentsTests::test_type_comment_starts_with_word_ignore PASSED [  2%]
lib/python3.7/site-packages/pyflakes/test/test_checker.py::CollectTypeCommentsTests::test_type_comment_with_extra_still_collected PASSED [  2%]
lib/python3.7/site-packages/pyflakes/test/test_checker.py::CollectTypeCommentsTests::test_type_comment_without_whitespace PASSED [  2%]
lib/python3.7/site-packages/pyflakes/test/test_checker.py::CollectTypeCommentsTests::test_type_ignore_comment_ignored PASSED [  2%]
lib/python3.7/site-packages/pyflakes/test/test_checker.py::CollectTypeCommentsTests::test_type_ignore_with_other_things_ignored PASSED [  2%]
lib/python3.7/site-packages/pyflakes/test/test_code_segment.py::TestCodeSegments::test_class_segment PASSED [  2%]
lib/python3.7/site-packages/pyflakes/test/test_code_segment.py::TestCodeSegments::test_function_segment PASSED [  2%]
lib/python3.7/site-packages/pyflakes/test/test_code_segment.py::TestCodeSegments::test_scope_async_function PASSED [  2%]
lib/python3.7/site-packages/pyflakes/test/test_code_segment.py::TestCodeSegments::test_scope_class PASSED [  2%]
lib/python3.7/site-packages/pyflakes/test/test_code_segment.py::TestCodeSegments::test_scope_function PASSED [  2%]
lib/python3.7/site-packages/pyflakes/test/test_dict.py::Test::test_duplicate_key_float_and_int PASSED [  2%]
lib/python3.7/site-packages/pyflakes/test/test_dict.py::Test::test_duplicate_keys PASSED [  2%]
lib/python3.7/site-packages/pyflakes/test/test_dict.py::Test::test_duplicate_keys_bools PASSED [  2%]
lib/python3.7/site-packages/pyflakes/test/test_dict.py::Test::test_duplicate_keys_bools_false PASSED [  2%]
lib/python3.7/site-packages/pyflakes/test/test_dict.py::Test::test_duplicate_keys_bytes_vs_unicode_py3 PASSED [  2%]
lib/python3.7/site-packages/pyflakes/test/test_dict.py::Test::test_duplicate_keys_in_function PASSED [  2%]
lib/python3.7/site-packages/pyflakes/test/test_dict.py::Test::test_duplicate_keys_in_lambda PASSED [  2%]
lib/python3.7/site-packages/pyflakes/test/test_dict.py::Test::test_duplicate_keys_ints PASSED [  2%]
lib/python3.7/site-packages/pyflakes/test/test_dict.py::Test::test_duplicate_keys_none PASSED [  2%]
lib/python3.7/site-packages/pyflakes/test/test_dict.py::Test::test_duplicate_keys_tuples PASSED [  2%]
lib/python3.7/site-packages/pyflakes/test/test_dict.py::Test::test_duplicate_keys_tuples_int_and_float PASSED [  2%]
lib/python3.7/site-packages/pyflakes/test/test_dict.py::Test::test_duplicate_values_bytes_vs_unicode_py3 PASSED [  2%]
lib/python3.7/site-packages/pyflakes/test/test_dict.py::Test::test_duplicate_variable_keys PASSED [  2%]
lib/python3.7/site-packages/pyflakes/test/test_dict.py::Test::test_duplicate_variable_values PASSED [  3%]
lib/python3.7/site-packages/pyflakes/test/test_dict.py::Test::test_duplicate_variable_values_same_value PASSED [  3%]
lib/python3.7/site-packages/pyflakes/test/test_dict.py::Test::test_multiple_duplicate_keys PASSED [  3%]
lib/python3.7/site-packages/pyflakes/test/test_dict.py::Test::test_no_duplicate_key_error_same_value PASSED [  3%]
lib/python3.7/site-packages/pyflakes/test/test_dict.py::Test::test_no_duplicate_key_errors PASSED [  3%]
lib/python3.7/site-packages/pyflakes/test/test_dict.py::Test::test_no_duplicate_key_errors_bool_or_none PASSED [  3%]
lib/python3.7/site-packages/pyflakes/test/test_dict.py::Test::test_no_duplicate_key_errors_func_call PASSED [  3%]
lib/python3.7/site-packages/pyflakes/test/test_dict.py::Test::test_no_duplicate_key_errors_instance_attributes PASSED [  3%]
lib/python3.7/site-packages/pyflakes/test/test_dict.py::Test::test_no_duplicate_key_errors_ints PASSED [  3%]
lib/python3.7/site-packages/pyflakes/test/test_dict.py::Test::test_no_duplicate_key_errors_tuples PASSED [  3%]
lib/python3.7/site-packages/pyflakes/test/test_dict.py::Test::test_no_duplicate_key_errors_vars PASSED [  3%]
lib/python3.7/site-packages/pyflakes/test/test_dict.py::Test::test_no_duplicate_keys_tuples_same_first_element PASSED [  3%]
lib/python3.7/site-packages/pyflakes/test/test_doctests.py::Test::test_doctestCanReferToClass PASSED [  3%]
lib/python3.7/site-packages/pyflakes/test/test_doctests.py::Test::test_doctestCanReferToFunction PASSED [  3%]
lib/python3.7/site-packages/pyflakes/test/test_doctests.py::Test::test_globalUnderscoreInDoctest PASSED [  3%]
lib/python3.7/site-packages/pyflakes/test/test_doctests.py::Test::test_global_module_scope_pollution PASSED [  3%]
lib/python3.7/site-packages/pyflakes/test/test_doctests.py::Test::test_global_undefined PASSED [  3%]
lib/python3.7/site-packages/pyflakes/test/test_doctests.py::Test::test_ignore_nested_function PASSED [  3%]
lib/python3.7/site-packages/pyflakes/test/test_doctests.py::Test::test_importBeforeAndInDoctest SKIPPED [  3%]
lib/python3.7/site-packages/pyflakes/test/test_doctests.py::Test::test_importBeforeDoctest PASSED [  3%]
lib/python3.7/site-packages/pyflakes/test/test_doctests.py::Test::test_importInDoctestAndAfter PASSED [  3%]
lib/python3.7/site-packages/pyflakes/test/test_doctests.py::Test::test_inaccessible_scope_class PASSED [  3%]
lib/python3.7/site-packages/pyflakes/test/test_doctests.py::Test::test_indentationErrorInDoctest PASSED [  3%]
lib/python3.7/site-packages/pyflakes/test/test_doctests.py::Test::test_nested_class PASSED [  3%]
lib/python3.7/site-packages/pyflakes/test/test_doctests.py::Test::test_nested_doctest_ignored PASSED [  3%]
lib/python3.7/site-packages/pyflakes/test/test_doctests.py::Test::test_noOffsetSyntaxErrorInDoctest PASSED [  3%]
lib/python3.7/site-packages/pyflakes/test/test_doctests.py::Test::test_offsetAfterDoctests PASSED [  3%]
lib/python3.7/site-packages/pyflakes/test/test_doctests.py::Test::test_offsetInDoctests PASSED [  3%]
lib/python3.7/site-packages/pyflakes/test/test_doctests.py::Test::test_offsetInLambdasInDoctests PASSED [  3%]
lib/python3.7/site-packages/pyflakes/test/test_doctests.py::Test::test_offsetWithMultiLineArgs PASSED [  3%]
lib/python3.7/site-packages/pyflakes/test/test_doctests.py::Test::test_scope_class PASSED [  3%]
lib/python3.7/site-packages/pyflakes/test/test_doctests.py::Test::test_singleUnderscoreInDoctest PASSED [  3%]
lib/python3.7/site-packages/pyflakes/test/test_doctests.py::Test::test_syntaxErrorInDoctest PASSED [  3%]
lib/python3.7/site-packages/pyflakes/test/test_doctests.py::TestOther::test_attrAugmentedAssignment PASSED [  3%]
lib/python3.7/site-packages/pyflakes/test/test_doctests.py::TestOther::test_breakInsideLoop PASSED [  3%]
lib/python3.7/site-packages/pyflakes/test/test_doctests.py::TestOther::test_breakOutsideLoop PASSED [  3%]
lib/python3.7/site-packages/pyflakes/test/test_doctests.py::TestOther::test_classFunctionDecorator PASSED [  3%]
lib/python3.7/site-packages/pyflakes/test/test_doctests.py::TestOther::test_classNameDefinedPreviously PASSED [  3%]
lib/python3.7/site-packages/pyflakes/test/test_doctests.py::TestOther::test_classNameUndefinedInClassBody PASSED [  3%]
lib/python3.7/site-packages/pyflakes/test/test_doctests.py::TestOther::test_classRedefinedAsFunction PASSED [  3%]
lib/python3.7/site-packages/pyflakes/test/test_doctests.py::TestOther::test_classRedefinition PASSED [  3%]
lib/python3.7/site-packages/pyflakes/test/test_doctests.py::TestOther::test_classWithReturn PASSED [  3%]
lib/python3.7/site-packages/pyflakes/test/test_doctests.py::TestOther::test_classWithYield PASSED [  3%]
lib/python3.7/site-packages/pyflakes/test/test_doctests.py::TestOther::test_classWithYieldFrom PASSED [  3%]
lib/python3.7/site-packages/pyflakes/test/test_doctests.py::TestOther::test_comparison PASSED [  4%]
lib/python3.7/site-packages/pyflakes/test/test_doctests.py::TestOther::test_containment PASSED [  4%]
lib/python3.7/site-packages/pyflakes/test/test_doctests.py::TestOther::test_continueInFinally PASSED [  4%]
lib/python3.7/site-packages/pyflakes/test/test_doctests.py::TestOther::test_continueInsideLoop PASSED [  4%]
lib/python3.7/site-packages/pyflakes/test/test_doctests.py::TestOther::test_continueOutsideLoop PASSED [  4%]
lib/python3.7/site-packages/pyflakes/test/test_doctests.py::TestOther::test_defaultExceptLast PASSED [  4%]
lib/python3.7/site-packages/pyflakes/test/test_doctests.py::TestOther::test_defaultExceptNotLast PASSED [  4%]
lib/python3.7/site-packages/pyflakes/test/test_doctests.py::TestOther::test_doubleAssignment SKIPPED [  4%]
lib/python3.7/site-packages/pyflakes/test/test_doctests.py::TestOther::test_doubleAssignmentConditionally PASSED [  4%]
lib/python3.7/site-packages/pyflakes/test/test_doctests.py::TestOther::test_doubleAssignmentWithUse PASSED [  4%]
lib/python3.7/site-packages/pyflakes/test/test_doctests.py::TestOther::test_duplicateArgs PASSED [  4%]
lib/python3.7/site-packages/pyflakes/test/test_doctests.py::TestOther::test_ellipsis PASSED [  4%]
lib/python3.7/site-packages/pyflakes/test/test_doctests.py::TestOther::test_extendedSlice PASSED [  4%]
lib/python3.7/site-packages/pyflakes/test/test_doctests.py::TestOther::test_functionDecorator PASSED [  4%]
lib/python3.7/site-packages/pyflakes/test/test_doctests.py::TestOther::test_functionRedefinedAsClass PASSED [  4%]
lib/python3.7/site-packages/pyflakes/test/test_doctests.py::TestOther::test_function_arguments PASSED [  4%]
lib/python3.7/site-packages/pyflakes/test/test_doctests.py::TestOther::test_function_arguments_python3 PASSED [  4%]
lib/python3.7/site-packages/pyflakes/test/test_doctests.py::TestOther::test_globalDeclaredInDifferentScope PASSED [  4%]
lib/python3.7/site-packages/pyflakes/test/test_doctests.py::TestOther::test_identity PASSED [  4%]
lib/python3.7/site-packages/pyflakes/test/test_doctests.py::TestOther::test_localReferencedBeforeAssignment PASSED [  4%]
lib/python3.7/site-packages/pyflakes/test/test_doctests.py::TestOther::test_loopControl PASSED [  4%]
lib/python3.7/site-packages/pyflakes/test/test_doctests.py::TestOther::test_modernProperty PASSED [  4%]
lib/python3.7/site-packages/pyflakes/test/test_doctests.py::TestOther::test_moduleWithReturn PASSED [  4%]
lib/python3.7/site-packages/pyflakes/test/test_doctests.py::TestOther::test_moduleWithYield PASSED [  4%]
lib/python3.7/site-packages/pyflakes/test/test_doctests.py::TestOther::test_moduleWithYieldFrom PASSED [  4%]
lib/python3.7/site-packages/pyflakes/test/test_doctests.py::TestOther::test_redefinedClassFunction PASSED [  4%]
lib/python3.7/site-packages/pyflakes/test/test_doctests.py::TestOther::test_redefinedFunction PASSED [  4%]
lib/python3.7/site-packages/pyflakes/test/test_doctests.py::TestOther::test_redefinedIfElseFunction PASSED [  4%]
lib/python3.7/site-packages/pyflakes/test/test_doctests.py::TestOther::test_redefinedIfElseInListComp PASSED [  4%]
lib/python3.7/site-packages/pyflakes/test/test_doctests.py::TestOther::test_redefinedIfFunction PASSED [  4%]
lib/python3.7/site-packages/pyflakes/test/test_doctests.py::TestOther::test_redefinedInDictComprehension PASSED [  4%]
lib/python3.7/site-packages/pyflakes/test/test_doctests.py::TestOther::test_redefinedInGenerator PASSED [  4%]
lib/python3.7/site-packages/pyflakes/test/test_doctests.py::TestOther::test_redefinedInSetComprehension PASSED [  4%]
lib/python3.7/site-packages/pyflakes/test/test_doctests.py::TestOther::test_redefinedTryExceptFunction PASSED [  4%]
lib/python3.7/site-packages/pyflakes/test/test_doctests.py::TestOther::test_redefinedTryFunction PASSED [  4%]
lib/python3.7/site-packages/pyflakes/test/test_doctests.py::TestOther::test_redefinedUnderscoreFunction PASSED [  4%]
lib/python3.7/site-packages/pyflakes/test/test_doctests.py::TestOther::test_redefinedUnderscoreImportation PASSED [  4%]
lib/python3.7/site-packages/pyflakes/test/test_doctests.py::TestOther::test_starredAssignmentErrors PASSED [  4%]
lib/python3.7/site-packages/pyflakes/test/test_doctests.py::TestOther::test_starredAssignmentNoError PASSED [  4%]
lib/python3.7/site-packages/pyflakes/test/test_doctests.py::TestOther::test_unaryPlus PASSED [  4%]
lib/python3.7/site-packages/pyflakes/test/test_doctests.py::TestOther::test_undefinedBaseClass PASSED [  4%]
lib/python3.7/site-packages/pyflakes/test/test_doctests.py::TestOther::test_varAugmentedAssignment PASSED [  4%]
lib/python3.7/site-packages/pyflakes/test/test_doctests.py::TestImports::test_aliasedImport PASSED [  4%]
lib/python3.7/site-packages/pyflakes/test/test_doctests.py::TestImports::test_aliasedImportShadowModule PASSED [  4%]
lib/python3.7/site-packages/pyflakes/test/test_doctests.py::TestImports::test_assignRHSFirst PASSED [  5%]
lib/python3.7/site-packages/pyflakes/test/test_doctests.py::TestImports::test_assignedToGlobal PASSED [  5%]
lib/python3.7/site-packages/pyflakes/test/test_doctests.py::TestImports::test_differentSubmoduleImport PASSED [  5%]
lib/python3.7/site-packages/pyflakes/test/test_doctests.py::TestImports::test_duplicateSubmoduleImport PASSED [  5%]
lib/python3.7/site-packages/pyflakes/test/test_doctests.py::TestImports::test_functionNamesAreBoundNow PASSED [  5%]
lib/python3.7/site-packages/pyflakes/test/test_doctests.py::TestImports::test_functionsRunLater PASSED [  5%]
lib/python3.7/site-packages/pyflakes/test/test_doctests.py::TestImports::test_futureImport PASSED [  5%]
lib/python3.7/site-packages/pyflakes/test/test_doctests.py::TestImports::test_futureImportFirst PASSED [  5%]
lib/python3.7/site-packages/pyflakes/test/test_doctests.py::TestImports::test_futureImportStar PASSED [  5%]
lib/python3.7/site-packages/pyflakes/test/test_doctests.py::TestImports::test_futureImportUndefined PASSED [  5%]
lib/python3.7/site-packages/pyflakes/test/test_doctests.py::TestImports::test_futureImportUsed PASSED [  5%]
lib/python3.7/site-packages/pyflakes/test/test_doctests.py::TestImports::test_ignoreNonImportRedefinitions PASSED [  5%]
lib/python3.7/site-packages/pyflakes/test/test_doctests.py::TestImports::test_importInClass PASSED [  5%]
lib/python3.7/site-packages/pyflakes/test/test_doctests.py::TestImports::test_importStar PASSED [  5%]
lib/python3.7/site-packages/pyflakes/test/test_doctests.py::TestImports::test_importStar_relative PASSED [  5%]
lib/python3.7/site-packages/pyflakes/test/test_doctests.py::TestImports::test_importUsedInMethodDefinition PASSED [  5%]
lib/python3.7/site-packages/pyflakes/test/test_doctests.py::TestImports::test_importedInClass PASSED [  5%]
lib/python3.7/site-packages/pyflakes/test/test_doctests.py::TestImports::test_importingForImportError SKIPPED [  5%]
lib/python3.7/site-packages/pyflakes/test/test_doctests.py::TestImports::test_localImportStar PASSED [  5%]
lib/python3.7/site-packages/pyflakes/test/test_doctests.py::TestImports::test_methodsDontUseClassScope PASSED [  5%]
lib/python3.7/site-packages/pyflakes/test/test_doctests.py::TestImports::test_nestedClassAndFunctionScope PASSED [  5%]
lib/python3.7/site-packages/pyflakes/test/test_doctests.py::TestImports::test_nestedFunctionsNestScope PASSED [  5%]
lib/python3.7/site-packages/pyflakes/test/test_doctests.py::TestImports::test_newAssignment PASSED [  5%]
lib/python3.7/site-packages/pyflakes/test/test_doctests.py::TestImports::test_nonGlobalDoesNotRedefine PASSED [  5%]
lib/python3.7/site-packages/pyflakes/test/test_doctests.py::TestImports::test_notUsedInNestedScope PASSED [  5%]
lib/python3.7/site-packages/pyflakes/test/test_doctests.py::TestImports::test_packageImport PASSED [  5%]
lib/python3.7/site-packages/pyflakes/test/test_doctests.py::TestImports::test_redefinedButUsedLater PASSED [  5%]
lib/python3.7/site-packages/pyflakes/test/test_doctests.py::TestImports::test_redefinedByClass PASSED [  5%]
lib/python3.7/site-packages/pyflakes/test/test_doctests.py::TestImports::test_redefinedByExcept PASSED [  5%]
lib/python3.7/site-packages/pyflakes/test/test_doctests.py::TestImports::test_redefinedByFor PASSED [  5%]
lib/python3.7/site-packages/pyflakes/test/test_doctests.py::TestImports::test_redefinedByFunction PASSED [  5%]
lib/python3.7/site-packages/pyflakes/test/test_doctests.py::TestImports::test_redefinedBySubclass PASSED [  5%]
lib/python3.7/site-packages/pyflakes/test/test_doctests.py::TestImports::test_redefinedIf PASSED [  5%]
lib/python3.7/site-packages/pyflakes/test/test_doctests.py::TestImports::test_redefinedIfElse PASSED [  5%]
lib/python3.7/site-packages/pyflakes/test/test_doctests.py::TestImports::test_redefinedInClass PASSED [  5%]
lib/python3.7/site-packages/pyflakes/test/test_doctests.py::TestImports::test_redefinedInNestedFunction PASSED [  5%]
lib/python3.7/site-packages/pyflakes/test/test_doctests.py::TestImports::test_redefinedInNestedFunctionTwice PASSED [  5%]
lib/python3.7/site-packages/pyflakes/test/test_doctests.py::TestImports::test_redefinedTry PASSED [  5%]
lib/python3.7/site-packages/pyflakes/test/test_doctests.py::TestImports::test_redefinedTryElse PASSED [  5%]
lib/python3.7/site-packages/pyflakes/test/test_doctests.py::TestImports::test_redefinedTryExcept PASSED [  5%]
lib/python3.7/site-packages/pyflakes/test/test_doctests.py::TestImports::test_redefinedTryExceptElse PASSED [  5%]
lib/python3.7/site-packages/pyflakes/test/test_doctests.py::TestImports::test_redefinedTryExceptElseFinally PASSED [  5%]
lib/python3.7/site-packages/pyflakes/test/test_doctests.py::TestImports::test_redefinedTryExceptFinally PASSED [  5%]
lib/python3.7/site-packages/pyflakes/test/test_doctests.py::TestImports::test_redefinedTryExceptMulti PASSED [  5%]
lib/python3.7/site-packages/pyflakes/test/test_doctests.py::TestImports::test_redefinedTryNested PASSED [  6%]
lib/python3.7/site-packages/pyflakes/test/test_doctests.py::TestImports::test_redefinedWhileUnused PASSED [  6%]
lib/python3.7/site-packages/pyflakes/test/test_doctests.py::TestImports::test_shadowedByFor PASSED [  6%]
lib/python3.7/site-packages/pyflakes/test/test_doctests.py::TestImports::test_shadowedByForDeep PASSED [  6%]
lib/python3.7/site-packages/pyflakes/test/test_doctests.py::TestImports::test_shadowedByLambda PASSED [  6%]
lib/python3.7/site-packages/pyflakes/test/test_doctests.py::TestImports::test_shadowedByParameter PASSED [  6%]
lib/python3.7/site-packages/pyflakes/test/test_doctests.py::TestImports::test_tryingMultipleImports PASSED [  6%]
lib/python3.7/site-packages/pyflakes/test/test_doctests.py::TestImports::test_unusedImport PASSED [  6%]
lib/python3.7/site-packages/pyflakes/test/test_doctests.py::TestImports::test_unusedImport_relative PASSED [  6%]
lib/python3.7/site-packages/pyflakes/test/test_doctests.py::TestImports::test_unusedInNestedScope PASSED [  6%]
lib/python3.7/site-packages/pyflakes/test/test_doctests.py::TestImports::test_unusedPackageImport PASSED [  6%]
lib/python3.7/site-packages/pyflakes/test/test_doctests.py::TestImports::test_unused_package_with_submodule_import PASSED [  6%]
lib/python3.7/site-packages/pyflakes/test/test_doctests.py::TestImports::test_usedAndGlobal PASSED [  6%]
lib/python3.7/site-packages/pyflakes/test/test_doctests.py::TestImports::test_usedImport PASSED [  6%]
lib/python3.7/site-packages/pyflakes/test/test_doctests.py::TestImports::test_usedImport_relative PASSED [  6%]
lib/python3.7/site-packages/pyflakes/test/test_doctests.py::TestImports::test_usedInAssert PASSED [  6%]
lib/python3.7/site-packages/pyflakes/test/test_doctests.py::TestImports::test_usedInAssignment PASSED [  6%]
lib/python3.7/site-packages/pyflakes/test/test_doctests.py::TestImports::test_usedInAttributeAssign PASSED [  6%]
lib/python3.7/site-packages/pyflakes/test/test_doctests.py::TestImports::test_usedInCall PASSED [  6%]
lib/python3.7/site-packages/pyflakes/test/test_doctests.py::TestImports::test_usedInClass PASSED [  6%]
lib/python3.7/site-packages/pyflakes/test/test_doctests.py::TestImports::test_usedInClassBase PASSED [  6%]
lib/python3.7/site-packages/pyflakes/test/test_doctests.py::TestImports::test_usedInDict PASSED [  6%]
lib/python3.7/site-packages/pyflakes/test/test_doctests.py::TestImports::test_usedInElifConditional PASSED [  6%]
lib/python3.7/site-packages/pyflakes/test/test_doctests.py::TestImports::test_usedInElse PASSED [  6%]
lib/python3.7/site-packages/pyflakes/test/test_doctests.py::TestImports::test_usedInExcept PASSED [  6%]
lib/python3.7/site-packages/pyflakes/test/test_doctests.py::TestImports::test_usedInExec PASSED [  6%]
lib/python3.7/site-packages/pyflakes/test/test_doctests.py::TestImports::test_usedInFor PASSED [  6%]
lib/python3.7/site-packages/pyflakes/test/test_doctests.py::TestImports::test_usedInForElse PASSED [  6%]
lib/python3.7/site-packages/pyflakes/test/test_doctests.py::TestImports::test_usedInFunction PASSED [  6%]
lib/python3.7/site-packages/pyflakes/test/test_doctests.py::TestImports::test_usedInGetattr PASSED [  6%]
lib/python3.7/site-packages/pyflakes/test/test_doctests.py::TestImports::test_usedInGlobal PASSED [  6%]
lib/python3.7/site-packages/pyflakes/test/test_doctests.py::TestImports::test_usedInIfBody PASSED [  6%]
lib/python3.7/site-packages/pyflakes/test/test_doctests.py::TestImports::test_usedInIfConditional PASSED [  6%]
lib/python3.7/site-packages/pyflakes/test/test_doctests.py::TestImports::test_usedInKeywordArg PASSED [  6%]
lib/python3.7/site-packages/pyflakes/test/test_doctests.py::TestImports::test_usedInLambda PASSED [  6%]
lib/python3.7/site-packages/pyflakes/test/test_doctests.py::TestImports::test_usedInList PASSED [  6%]
lib/python3.7/site-packages/pyflakes/test/test_doctests.py::TestImports::test_usedInListComp PASSED [  6%]
lib/python3.7/site-packages/pyflakes/test/test_doctests.py::TestImports::test_usedInLogic PASSED [  6%]
lib/python3.7/site-packages/pyflakes/test/test_doctests.py::TestImports::test_usedInOperators PASSED [  6%]
lib/python3.7/site-packages/pyflakes/test/test_doctests.py::TestImports::test_usedInParameterDefault PASSED [  6%]
lib/python3.7/site-packages/pyflakes/test/test_doctests.py::TestImports::test_usedInRaise PASSED [  6%]
lib/python3.7/site-packages/pyflakes/test/test_doctests.py::TestImports::test_usedInReturn PASSED [  6%]
lib/python3.7/site-packages/pyflakes/test/test_doctests.py::TestImports::test_usedInSlice PASSED [  6%]
lib/python3.7/site-packages/pyflakes/test/test_doctests.py::TestImports::test_usedInSliceObj PASSED [  6%]
lib/python3.7/site-packages/pyflakes/test/test_doctests.py::TestImports::test_usedInSubscript PASSED [  7%]
lib/python3.7/site-packages/pyflakes/test/test_doctests.py::TestImports::test_usedInTry PASSED [  7%]
lib/python3.7/site-packages/pyflakes/test/test_doctests.py::TestImports::test_usedInTryFinally PASSED [  7%]
lib/python3.7/site-packages/pyflakes/test/test_doctests.py::TestImports::test_usedInTuple PASSED [  7%]
lib/python3.7/site-packages/pyflakes/test/test_doctests.py::TestImports::test_usedInWhile PASSED [  7%]
lib/python3.7/site-packages/pyflakes/test/test_doctests.py::TestImports::test_usedInYield PASSED [  7%]
lib/python3.7/site-packages/pyflakes/test/test_doctests.py::TestImports::test_used_package_with_submodule_import PASSED [  7%]
lib/python3.7/site-packages/pyflakes/test/test_doctests.py::TestImports::test_used_package_with_submodule_import_of_alias PASSED [  7%]
lib/python3.7/site-packages/pyflakes/test/test_doctests.py::TestUndefinedNames::test_annotationUndefined PASSED [  7%]
lib/python3.7/site-packages/pyflakes/test/test_doctests.py::TestUndefinedNames::test_badNestedClass PASSED [  7%]
lib/python3.7/site-packages/pyflakes/test/test_doctests.py::TestUndefinedNames::test_builtinWindowsError PASSED [  7%]
lib/python3.7/site-packages/pyflakes/test/test_doctests.py::TestUndefinedNames::test_builtins PASSED [  7%]
lib/python3.7/site-packages/pyflakes/test/test_doctests.py::TestUndefinedNames::test_definedAsStarArgs PASSED [  7%]
lib/python3.7/site-packages/pyflakes/test/test_doctests.py::TestUndefinedNames::test_definedAsStarUnpack PASSED [  7%]
lib/python3.7/site-packages/pyflakes/test/test_doctests.py::TestUndefinedNames::test_definedByGlobal PASSED [  7%]
lib/python3.7/site-packages/pyflakes/test/test_doctests.py::TestUndefinedNames::test_definedByGlobalMultipleNames PASSED [  7%]
lib/python3.7/site-packages/pyflakes/test/test_doctests.py::TestUndefinedNames::test_definedFromLambdaInDictionaryComprehension PASSED [  7%]
lib/python3.7/site-packages/pyflakes/test/test_doctests.py::TestUndefinedNames::test_definedFromLambdaInGenerator PASSED [  7%]
lib/python3.7/site-packages/pyflakes/test/test_doctests.py::TestUndefinedNames::test_definedInClass PASSED [  7%]
lib/python3.7/site-packages/pyflakes/test/test_doctests.py::TestUndefinedNames::test_definedInClassNested PASSED [  7%]
lib/python3.7/site-packages/pyflakes/test/test_doctests.py::TestUndefinedNames::test_definedInGenExp PASSED [  7%]
lib/python3.7/site-packages/pyflakes/test/test_doctests.py::TestUndefinedNames::test_definedInListComp PASSED [  7%]
lib/python3.7/site-packages/pyflakes/test/test_doctests.py::TestUndefinedNames::test_del PASSED [  7%]
lib/python3.7/site-packages/pyflakes/test/test_doctests.py::TestUndefinedNames::test_delConditional PASSED [  7%]
lib/python3.7/site-packages/pyflakes/test/test_doctests.py::TestUndefinedNames::test_delConditionalNested PASSED [  7%]
lib/python3.7/site-packages/pyflakes/test/test_doctests.py::TestUndefinedNames::test_delExceptionInExcept PASSED [  7%]
lib/python3.7/site-packages/pyflakes/test/test_doctests.py::TestUndefinedNames::test_delGlobal PASSED [  7%]
lib/python3.7/site-packages/pyflakes/test/test_doctests.py::TestUndefinedNames::test_delUndefined PASSED [  7%]
lib/python3.7/site-packages/pyflakes/test/test_doctests.py::TestUndefinedNames::test_delWhile PASSED [  7%]
lib/python3.7/site-packages/pyflakes/test/test_doctests.py::TestUndefinedNames::test_delWhileNested PASSED [  7%]
lib/python3.7/site-packages/pyflakes/test/test_doctests.py::TestUndefinedNames::test_delWhileTestUsage PASSED [  7%]
lib/python3.7/site-packages/pyflakes/test/test_doctests.py::TestUndefinedNames::test_doubleNestingReportsClosestName PASSED [  7%]
lib/python3.7/site-packages/pyflakes/test/test_doctests.py::TestUndefinedNames::test_dunderClass PASSED [  7%]
lib/python3.7/site-packages/pyflakes/test/test_doctests.py::TestUndefinedNames::test_functionsNeedGlobalScope PASSED [  7%]
lib/python3.7/site-packages/pyflakes/test/test_doctests.py::TestUndefinedNames::test_globalFromNestedScope PASSED [  7%]
lib/python3.7/site-packages/pyflakes/test/test_doctests.py::TestUndefinedNames::test_globalImportStar PASSED [  7%]
lib/python3.7/site-packages/pyflakes/test/test_doctests.py::TestUndefinedNames::test_globalInGlobalScope PASSED [  7%]
lib/python3.7/site-packages/pyflakes/test/test_doctests.py::TestUndefinedNames::test_global_reset_name_only PASSED [  7%]
lib/python3.7/site-packages/pyflakes/test/test_doctests.py::TestUndefinedNames::test_intermediateClassScopeIgnored PASSED [  7%]
lib/python3.7/site-packages/pyflakes/test/test_doctests.py::TestUndefinedNames::test_keywordOnlyArgs PASSED [  7%]
lib/python3.7/site-packages/pyflakes/test/test_doctests.py::TestUndefinedNames::test_keywordOnlyArgsUndefined PASSED [  7%]
lib/python3.7/site-packages/pyflakes/test/test_doctests.py::TestUndefinedNames::test_laterRedefinedGlobalFromNestedScope PASSED [  7%]
lib/python3.7/site-packages/pyflakes/test/test_doctests.py::TestUndefinedNames::test_laterRedefinedGlobalFromNestedScope2 PASSED [  7%]
lib/python3.7/site-packages/pyflakes/test/test_doctests.py::TestUndefinedNames::test_laterRedefinedGlobalFromNestedScope3 PASSED [  7%]
lib/python3.7/site-packages/pyflakes/test/test_doctests.py::TestUndefinedNames::test_magicGlobalsBuiltins PASSED [  8%]
lib/python3.7/site-packages/pyflakes/test/test_doctests.py::TestUndefinedNames::test_magicGlobalsFile PASSED [  8%]
lib/python3.7/site-packages/pyflakes/test/test_doctests.py::TestUndefinedNames::test_magicGlobalsName PASSED [  8%]
lib/python3.7/site-packages/pyflakes/test/test_doctests.py::TestUndefinedNames::test_magicGlobalsPath PASSED [  8%]
lib/python3.7/site-packages/pyflakes/test/test_doctests.py::TestUndefinedNames::test_magicModuleInClassScope PASSED [  8%]
lib/python3.7/site-packages/pyflakes/test/test_doctests.py::TestUndefinedNames::test_magicQualnameInClassScope PASSED [  8%]
lib/python3.7/site-packages/pyflakes/test/test_doctests.py::TestUndefinedNames::test_metaClassUndefined PASSED [  8%]
lib/python3.7/site-packages/pyflakes/test/test_doctests.py::TestUndefinedNames::test_moduleAnnotations PASSED [  8%]
lib/python3.7/site-packages/pyflakes/test/test_doctests.py::TestUndefinedNames::test_namesDeclaredInExceptBlocks PASSED [  8%]
lib/python3.7/site-packages/pyflakes/test/test_doctests.py::TestUndefinedNames::test_nestedClass PASSED [  8%]
lib/python3.7/site-packages/pyflakes/test/test_doctests.py::TestUndefinedNames::test_undefined PASSED [  8%]
lib/python3.7/site-packages/pyflakes/test/test_doctests.py::TestUndefinedNames::test_undefinedAugmentedAssignment PASSED [  8%]
lib/python3.7/site-packages/pyflakes/test/test_doctests.py::TestUndefinedNames::test_undefinedExceptionName PASSED [  8%]
lib/python3.7/site-packages/pyflakes/test/test_doctests.py::TestUndefinedNames::test_undefinedExceptionNameObscuringGlobalVariable SKIPPED [  8%]
lib/python3.7/site-packages/pyflakes/test/test_doctests.py::TestUndefinedNames::test_undefinedExceptionNameObscuringGlobalVariable2 SKIPPED [  8%]
lib/python3.7/site-packages/pyflakes/test/test_doctests.py::TestUndefinedNames::test_undefinedExceptionNameObscuringGlobalVariableFalsePositive1 PASSED [  8%]
lib/python3.7/site-packages/pyflakes/test/test_doctests.py::TestUndefinedNames::test_undefinedExceptionNameObscuringGlobalVariableFalsePositive2 PASSED [  8%]
lib/python3.7/site-packages/pyflakes/test/test_doctests.py::TestUndefinedNames::test_undefinedExceptionNameObscuringLocalVariable SKIPPED [  8%]
lib/python3.7/site-packages/pyflakes/test/test_doctests.py::TestUndefinedNames::test_undefinedExceptionNameObscuringLocalVariable2 PASSED [  8%]
lib/python3.7/site-packages/pyflakes/test/test_doctests.py::TestUndefinedNames::test_undefinedExceptionNameObscuringLocalVariableFalsePositive1 PASSED [  8%]
lib/python3.7/site-packages/pyflakes/test/test_doctests.py::TestUndefinedNames::test_undefinedExceptionNameObscuringLocalVariableFalsePositive2 PASSED [  8%]
lib/python3.7/site-packages/pyflakes/test/test_doctests.py::TestUndefinedNames::test_undefinedFromLambdaInComprehension PASSED [  8%]
lib/python3.7/site-packages/pyflakes/test/test_doctests.py::TestUndefinedNames::test_undefinedFromLambdaInDictionaryComprehension PASSED [  8%]
lib/python3.7/site-packages/pyflakes/test/test_doctests.py::TestUndefinedNames::test_undefinedInGenExpNested PASSED [  8%]
lib/python3.7/site-packages/pyflakes/test/test_doctests.py::TestUndefinedNames::test_undefinedInListComp PASSED [  8%]
lib/python3.7/site-packages/pyflakes/test/test_doctests.py::TestUndefinedNames::test_undefinedInLoop PASSED [  8%]
lib/python3.7/site-packages/pyflakes/test/test_doctests.py::TestUndefinedNames::test_undefinedWithErrorHandler PASSED [  8%]
lib/python3.7/site-packages/pyflakes/test/test_doctests.py::TestUndefinedNames::test_unusedAsStarUnpack PASSED [  8%]
lib/python3.7/site-packages/pyflakes/test/test_doctests.py::TestUndefinedNames::test_unused_global SKIPPED [  8%]
lib/python3.7/site-packages/pyflakes/test/test_doctests.py::TestUndefinedNames::test_usedAsStarUnpack PASSED [  8%]
lib/python3.7/site-packages/pyflakes/test/test_imports.py::TestImportationObject::test_import_as PASSED [  8%]
lib/python3.7/site-packages/pyflakes/test/test_imports.py::TestImportationObject::test_import_basic PASSED [  8%]
lib/python3.7/site-packages/pyflakes/test/test_imports.py::TestImportationObject::test_import_submodule PASSED [  8%]
lib/python3.7/site-packages/pyflakes/test/test_imports.py::TestImportationObject::test_import_submodule_as PASSED [  8%]
lib/python3.7/site-packages/pyflakes/test/test_imports.py::TestImportationObject::test_import_submodule_as_source_name PASSED [  8%]
lib/python3.7/site-packages/pyflakes/test/test_imports.py::TestImportationObject::test_importfrom_future PASSED [  8%]
lib/python3.7/site-packages/pyflakes/test/test_imports.py::TestImportationObject::test_importfrom_member PASSED [  8%]
lib/python3.7/site-packages/pyflakes/test/test_imports.py::TestImportationObject::test_importfrom_member_as PASSED [  8%]
lib/python3.7/site-packages/pyflakes/test/test_imports.py::TestImportationObject::test_importfrom_relative PASSED [  8%]
lib/python3.7/site-packages/pyflakes/test/test_imports.py::TestImportationObject::test_importfrom_relative_parent PASSED [  8%]
lib/python3.7/site-packages/pyflakes/test/test_imports.py::TestImportationObject::test_importfrom_relative_with_module PASSED [  8%]
lib/python3.7/site-packages/pyflakes/test/test_imports.py::TestImportationObject::test_importfrom_relative_with_module_as PASSED [  8%]
lib/python3.7/site-packages/pyflakes/test/test_imports.py::TestImportationObject::test_importfrom_star PASSED [  8%]
lib/python3.7/site-packages/pyflakes/test/test_imports.py::TestImportationObject::test_importfrom_star_relative PASSED [  8%]
lib/python3.7/site-packages/pyflakes/test/test_imports.py::TestImportationObject::test_importfrom_submodule_member PASSED [  9%]
lib/python3.7/site-packages/pyflakes/test/test_imports.py::TestImportationObject::test_importfrom_submodule_member_as PASSED [  9%]
lib/python3.7/site-packages/pyflakes/test/test_imports.py::TestImportationObject::test_unusedImport_underscore PASSED [  9%]
lib/python3.7/site-packages/pyflakes/test/test_imports.py::Test::test_aliasedImport PASSED [  9%]
lib/python3.7/site-packages/pyflakes/test/test_imports.py::Test::test_aliasedImportShadowModule PASSED [  9%]
lib/python3.7/site-packages/pyflakes/test/test_imports.py::Test::test_assignRHSFirst PASSED [  9%]
lib/python3.7/site-packages/pyflakes/test/test_imports.py::Test::test_assignedToGlobal PASSED [  9%]
lib/python3.7/site-packages/pyflakes/test/test_imports.py::Test::test_differentSubmoduleImport PASSED [  9%]
lib/python3.7/site-packages/pyflakes/test/test_imports.py::Test::test_duplicateSubmoduleImport PASSED [  9%]
lib/python3.7/site-packages/pyflakes/test/test_imports.py::Test::test_functionNamesAreBoundNow PASSED [  9%]
lib/python3.7/site-packages/pyflakes/test/test_imports.py::Test::test_functionsRunLater PASSED [  9%]
lib/python3.7/site-packages/pyflakes/test/test_imports.py::Test::test_futureImport PASSED [  9%]
lib/python3.7/site-packages/pyflakes/test/test_imports.py::Test::test_futureImportFirst PASSED [  9%]
lib/python3.7/site-packages/pyflakes/test/test_imports.py::Test::test_futureImportStar PASSED [  9%]
lib/python3.7/site-packages/pyflakes/test/test_imports.py::Test::test_futureImportUndefined PASSED [  9%]
lib/python3.7/site-packages/pyflakes/test/test_imports.py::Test::test_futureImportUsed PASSED [  9%]
lib/python3.7/site-packages/pyflakes/test/test_imports.py::Test::test_ignoreNonImportRedefinitions PASSED [  9%]
lib/python3.7/site-packages/pyflakes/test/test_imports.py::Test::test_importInClass PASSED [  9%]
lib/python3.7/site-packages/pyflakes/test/test_imports.py::Test::test_importStar PASSED [  9%]
lib/python3.7/site-packages/pyflakes/test/test_imports.py::Test::test_importStar_relative PASSED [  9%]
lib/python3.7/site-packages/pyflakes/test/test_imports.py::Test::test_importUsedInMethodDefinition PASSED [  9%]
lib/python3.7/site-packages/pyflakes/test/test_imports.py::Test::test_importedInClass PASSED [  9%]
lib/python3.7/site-packages/pyflakes/test/test_imports.py::Test::test_importingForImportError SKIPPED [  9%]
lib/python3.7/site-packages/pyflakes/test/test_imports.py::Test::test_localImportStar PASSED [  9%]
lib/python3.7/site-packages/pyflakes/test/test_imports.py::Test::test_methodsDontUseClassScope PASSED [  9%]
lib/python3.7/site-packages/pyflakes/test/test_imports.py::Test::test_nestedClassAndFunctionScope PASSED [  9%]
lib/python3.7/site-packages/pyflakes/test/test_imports.py::Test::test_nestedFunctionsNestScope PASSED [  9%]
lib/python3.7/site-packages/pyflakes/test/test_imports.py::Test::test_newAssignment PASSED [  9%]
lib/python3.7/site-packages/pyflakes/test/test_imports.py::Test::test_nonGlobalDoesNotRedefine PASSED [  9%]
lib/python3.7/site-packages/pyflakes/test/test_imports.py::Test::test_notUsedInNestedScope PASSED [  9%]
lib/python3.7/site-packages/pyflakes/test/test_imports.py::Test::test_packageImport PASSED [  9%]
lib/python3.7/site-packages/pyflakes/test/test_imports.py::Test::test_redefinedButUsedLater PASSED [  9%]
lib/python3.7/site-packages/pyflakes/test/test_imports.py::Test::test_redefinedByClass PASSED [  9%]
lib/python3.7/site-packages/pyflakes/test/test_imports.py::Test::test_redefinedByExcept PASSED [  9%]
lib/python3.7/site-packages/pyflakes/test/test_imports.py::Test::test_redefinedByFor PASSED [  9%]
lib/python3.7/site-packages/pyflakes/test/test_imports.py::Test::test_redefinedByFunction PASSED [  9%]
lib/python3.7/site-packages/pyflakes/test/test_imports.py::Test::test_redefinedBySubclass PASSED [  9%]
lib/python3.7/site-packages/pyflakes/test/test_imports.py::Test::test_redefinedIf PASSED [  9%]
lib/python3.7/site-packages/pyflakes/test/test_imports.py::Test::test_redefinedIfElse PASSED [  9%]
lib/python3.7/site-packages/pyflakes/test/test_imports.py::Test::test_redefinedInClass PASSED [  9%]
lib/python3.7/site-packages/pyflakes/test/test_imports.py::Test::test_redefinedInNestedFunction PASSED [  9%]
lib/python3.7/site-packages/pyflakes/test/test_imports.py::Test::test_redefinedInNestedFunctionTwice PASSED [  9%]
lib/python3.7/site-packages/pyflakes/test/test_imports.py::Test::test_redefinedTry PASSED [  9%]
lib/python3.7/site-packages/pyflakes/test/test_imports.py::Test::test_redefinedTryElse PASSED [  9%]
lib/python3.7/site-packages/pyflakes/test/test_imports.py::Test::test_redefinedTryExcept PASSED [ 10%]
lib/python3.7/site-packages/pyflakes/test/test_imports.py::Test::test_redefinedTryExceptElse PASSED [ 10%]
lib/python3.7/site-packages/pyflakes/test/test_imports.py::Test::test_redefinedTryExceptElseFinally PASSED [ 10%]
lib/python3.7/site-packages/pyflakes/test/test_imports.py::Test::test_redefinedTryExceptFinally PASSED [ 10%]
lib/python3.7/site-packages/pyflakes/test/test_imports.py::Test::test_redefinedTryExceptMulti PASSED [ 10%]
lib/python3.7/site-packages/pyflakes/test/test_imports.py::Test::test_redefinedTryNested PASSED [ 10%]
lib/python3.7/site-packages/pyflakes/test/test_imports.py::Test::test_redefinedWhileUnused PASSED [ 10%]
lib/python3.7/site-packages/pyflakes/test/test_imports.py::Test::test_shadowedByFor PASSED [ 10%]
lib/python3.7/site-packages/pyflakes/test/test_imports.py::Test::test_shadowedByForDeep PASSED [ 10%]
lib/python3.7/site-packages/pyflakes/test/test_imports.py::Test::test_shadowedByLambda PASSED [ 10%]
lib/python3.7/site-packages/pyflakes/test/test_imports.py::Test::test_shadowedByParameter PASSED [ 10%]
lib/python3.7/site-packages/pyflakes/test/test_imports.py::Test::test_tryingMultipleImports PASSED [ 10%]
lib/python3.7/site-packages/pyflakes/test/test_imports.py::Test::test_unusedImport PASSED [ 10%]
lib/python3.7/site-packages/pyflakes/test/test_imports.py::Test::test_unusedImport_relative PASSED [ 10%]
lib/python3.7/site-packages/pyflakes/test/test_imports.py::Test::test_unusedInNestedScope PASSED [ 10%]
lib/python3.7/site-packages/pyflakes/test/test_imports.py::Test::test_unusedPackageImport PASSED [ 10%]
lib/python3.7/site-packages/pyflakes/test/test_imports.py::Test::test_unused_package_with_submodule_import PASSED [ 10%]
lib/python3.7/site-packages/pyflakes/test/test_imports.py::Test::test_usedAndGlobal PASSED [ 10%]
lib/python3.7/site-packages/pyflakes/test/test_imports.py::Test::test_usedImport PASSED [ 10%]
lib/python3.7/site-packages/pyflakes/test/test_imports.py::Test::test_usedImport_relative PASSED [ 10%]
lib/python3.7/site-packages/pyflakes/test/test_imports.py::Test::test_usedInAssert PASSED [ 10%]
lib/python3.7/site-packages/pyflakes/test/test_imports.py::Test::test_usedInAssignment PASSED [ 10%]
lib/python3.7/site-packages/pyflakes/test/test_imports.py::Test::test_usedInAttributeAssign PASSED [ 10%]
lib/python3.7/site-packages/pyflakes/test/test_imports.py::Test::test_usedInCall PASSED [ 10%]
lib/python3.7/site-packages/pyflakes/test/test_imports.py::Test::test_usedInClass PASSED [ 10%]
lib/python3.7/site-packages/pyflakes/test/test_imports.py::Test::test_usedInClassBase PASSED [ 10%]
lib/python3.7/site-packages/pyflakes/test/test_imports.py::Test::test_usedInDict PASSED [ 10%]
lib/python3.7/site-packages/pyflakes/test/test_imports.py::Test::test_usedInElifConditional PASSED [ 10%]
lib/python3.7/site-packages/pyflakes/test/test_imports.py::Test::test_usedInElse PASSED [ 10%]
lib/python3.7/site-packages/pyflakes/test/test_imports.py::Test::test_usedInExcept PASSED [ 10%]
lib/python3.7/site-packages/pyflakes/test/test_imports.py::Test::test_usedInExec PASSED [ 10%]
lib/python3.7/site-packages/pyflakes/test/test_imports.py::Test::test_usedInFor PASSED [ 10%]
lib/python3.7/site-packages/pyflakes/test/test_imports.py::Test::test_usedInForElse PASSED [ 10%]
lib/python3.7/site-packages/pyflakes/test/test_imports.py::Test::test_usedInFunction PASSED [ 10%]
lib/python3.7/site-packages/pyflakes/test/test_imports.py::Test::test_usedInGetattr PASSED [ 10%]
lib/python3.7/site-packages/pyflakes/test/test_imports.py::Test::test_usedInGlobal PASSED [ 10%]
lib/python3.7/site-packages/pyflakes/test/test_imports.py::Test::test_usedInIfBody PASSED [ 10%]
lib/python3.7/site-packages/pyflakes/test/test_imports.py::Test::test_usedInIfConditional PASSED [ 10%]
lib/python3.7/site-packages/pyflakes/test/test_imports.py::Test::test_usedInKeywordArg PASSED [ 10%]
lib/python3.7/site-packages/pyflakes/test/test_imports.py::Test::test_usedInLambda PASSED [ 10%]
lib/python3.7/site-packages/pyflakes/test/test_imports.py::Test::test_usedInList PASSED [ 10%]
lib/python3.7/site-packages/pyflakes/test/test_imports.py::Test::test_usedInListComp PASSED [ 10%]
lib/python3.7/site-packages/pyflakes/test/test_imports.py::Test::test_usedInLogic PASSED [ 10%]
lib/python3.7/site-packages/pyflakes/test/test_imports.py::Test::test_usedInOperators PASSED [ 10%]
lib/python3.7/site-packages/pyflakes/test/test_imports.py::Test::test_usedInParameterDefault PASSED [ 10%]
lib/python3.7/site-packages/pyflakes/test/test_imports.py::Test::test_usedInRaise PASSED [ 11%]
lib/python3.7/site-packages/pyflakes/test/test_imports.py::Test::test_usedInReturn PASSED [ 11%]
lib/python3.7/site-packages/pyflakes/test/test_imports.py::Test::test_usedInSlice PASSED [ 11%]
lib/python3.7/site-packages/pyflakes/test/test_imports.py::Test::test_usedInSliceObj PASSED [ 11%]
lib/python3.7/site-packages/pyflakes/test/test_imports.py::Test::test_usedInSubscript PASSED [ 11%]
lib/python3.7/site-packages/pyflakes/test/test_imports.py::Test::test_usedInTry PASSED [ 11%]
lib/python3.7/site-packages/pyflakes/test/test_imports.py::Test::test_usedInTryFinally PASSED [ 11%]
lib/python3.7/site-packages/pyflakes/test/test_imports.py::Test::test_usedInTuple PASSED [ 11%]
lib/python3.7/site-packages/pyflakes/test/test_imports.py::Test::test_usedInWhile PASSED [ 11%]
lib/python3.7/site-packages/pyflakes/test/test_imports.py::Test::test_usedInYield PASSED [ 11%]
lib/python3.7/site-packages/pyflakes/test/test_imports.py::Test::test_used_package_with_submodule_import PASSED [ 11%]
lib/python3.7/site-packages/pyflakes/test/test_imports.py::Test::test_used_package_with_submodule_import_of_alias PASSED [ 11%]
lib/python3.7/site-packages/pyflakes/test/test_imports.py::TestSpecialAll::test_all_mixed_attributes_and_strings PASSED [ 11%]
lib/python3.7/site-packages/pyflakes/test/test_imports.py::TestSpecialAll::test_all_with_attributes PASSED [ 11%]
lib/python3.7/site-packages/pyflakes/test/test_imports.py::TestSpecialAll::test_all_with_attributes_added PASSED [ 11%]
lib/python3.7/site-packages/pyflakes/test/test_imports.py::TestSpecialAll::test_all_with_names PASSED [ 11%]
lib/python3.7/site-packages/pyflakes/test/test_imports.py::TestSpecialAll::test_augmentedAssignment PASSED [ 11%]
lib/python3.7/site-packages/pyflakes/test/test_imports.py::TestSpecialAll::test_ignoredInClass PASSED [ 11%]
lib/python3.7/site-packages/pyflakes/test/test_imports.py::TestSpecialAll::test_ignoredInFunction PASSED [ 11%]
lib/python3.7/site-packages/pyflakes/test/test_imports.py::TestSpecialAll::test_ignored_when_not_directly_assigned PASSED [ 11%]
lib/python3.7/site-packages/pyflakes/test/test_imports.py::TestSpecialAll::test_importStarExported PASSED [ 11%]
lib/python3.7/site-packages/pyflakes/test/test_imports.py::TestSpecialAll::test_importStarNotExported PASSED [ 11%]
lib/python3.7/site-packages/pyflakes/test/test_imports.py::TestSpecialAll::test_list_concatenation_assignment PASSED [ 11%]
lib/python3.7/site-packages/pyflakes/test/test_imports.py::TestSpecialAll::test_redefinedByGenExp PASSED [ 11%]
lib/python3.7/site-packages/pyflakes/test/test_imports.py::TestSpecialAll::test_tuple_concatenation_assignment PASSED [ 11%]
lib/python3.7/site-packages/pyflakes/test/test_imports.py::TestSpecialAll::test_unboundExported PASSED [ 11%]
lib/python3.7/site-packages/pyflakes/test/test_imports.py::TestSpecialAll::test_usedAsClassDecorator PASSED [ 11%]
lib/python3.7/site-packages/pyflakes/test/test_imports.py::TestSpecialAll::test_usedAsDecorator PASSED [ 11%]
lib/python3.7/site-packages/pyflakes/test/test_imports.py::TestSpecialAll::test_usedInGenExp PASSED [ 11%]
lib/python3.7/site-packages/pyflakes/test/test_imports.py::TestSpecialAll::test_warningSuppressed PASSED [ 11%]
lib/python3.7/site-packages/pyflakes/test/test_is_literal.py::Test::test_chained_operators_is_str PASSED [ 11%]
lib/python3.7/site-packages/pyflakes/test/test_is_literal.py::Test::test_chained_operators_is_str_end PASSED [ 11%]
lib/python3.7/site-packages/pyflakes/test/test_is_literal.py::Test::test_chained_operators_is_true PASSED [ 11%]
lib/python3.7/site-packages/pyflakes/test/test_is_literal.py::Test::test_chained_operators_is_true_end PASSED [ 11%]
lib/python3.7/site-packages/pyflakes/test/test_is_literal.py::Test::test_is_bytes PASSED [ 11%]
lib/python3.7/site-packages/pyflakes/test/test_is_literal.py::Test::test_is_false PASSED [ 11%]
lib/python3.7/site-packages/pyflakes/test/test_is_literal.py::Test::test_is_int PASSED [ 11%]
lib/python3.7/site-packages/pyflakes/test/test_is_literal.py::Test::test_is_not_bytes PASSED [ 11%]
lib/python3.7/site-packages/pyflakes/test/test_is_literal.py::Test::test_is_not_false PASSED [ 11%]
lib/python3.7/site-packages/pyflakes/test/test_is_literal.py::Test::test_is_not_int PASSED [ 11%]
lib/python3.7/site-packages/pyflakes/test/test_is_literal.py::Test::test_is_not_str PASSED [ 11%]
lib/python3.7/site-packages/pyflakes/test/test_is_literal.py::Test::test_is_not_true PASSED [ 11%]
lib/python3.7/site-packages/pyflakes/test/test_is_literal.py::Test::test_is_not_unicode PASSED [ 11%]
lib/python3.7/site-packages/pyflakes/test/test_is_literal.py::Test::test_is_str PASSED [ 11%]
lib/python3.7/site-packages/pyflakes/test/test_is_literal.py::Test::test_is_true PASSED [ 12%]
lib/python3.7/site-packages/pyflakes/test/test_is_literal.py::Test::test_is_tuple_constant PASSED [ 12%]
lib/python3.7/site-packages/pyflakes/test/test_is_literal.py::Test::test_is_tuple_constant_containing_constants PASSED [ 12%]
lib/python3.7/site-packages/pyflakes/test/test_is_literal.py::Test::test_is_tuple_containing_variables_ok PASSED [ 12%]
lib/python3.7/site-packages/pyflakes/test/test_is_literal.py::Test::test_is_unicode PASSED [ 12%]
lib/python3.7/site-packages/pyflakes/test/test_is_literal.py::Test::test_left_is_bytes PASSED [ 12%]
lib/python3.7/site-packages/pyflakes/test/test_is_literal.py::Test::test_left_is_false PASSED [ 12%]
lib/python3.7/site-packages/pyflakes/test/test_is_literal.py::Test::test_left_is_int PASSED [ 12%]
lib/python3.7/site-packages/pyflakes/test/test_is_literal.py::Test::test_left_is_not_bytes PASSED [ 12%]
lib/python3.7/site-packages/pyflakes/test/test_is_literal.py::Test::test_left_is_not_false PASSED [ 12%]
lib/python3.7/site-packages/pyflakes/test/test_is_literal.py::Test::test_left_is_not_int PASSED [ 12%]
lib/python3.7/site-packages/pyflakes/test/test_is_literal.py::Test::test_left_is_not_str PASSED [ 12%]
lib/python3.7/site-packages/pyflakes/test/test_is_literal.py::Test::test_left_is_not_true PASSED [ 12%]
lib/python3.7/site-packages/pyflakes/test/test_is_literal.py::Test::test_left_is_not_unicode PASSED [ 12%]
lib/python3.7/site-packages/pyflakes/test/test_is_literal.py::Test::test_left_is_str PASSED [ 12%]
lib/python3.7/site-packages/pyflakes/test/test_is_literal.py::Test::test_left_is_true PASSED [ 12%]
lib/python3.7/site-packages/pyflakes/test/test_is_literal.py::Test::test_left_is_unicode PASSED [ 12%]
lib/python3.7/site-packages/pyflakes/test/test_match.py::TestMatch::test_match_bindings SKIPPED [ 12%]
lib/python3.7/site-packages/pyflakes/test/test_match.py::TestMatch::test_match_double_star SKIPPED [ 12%]
lib/python3.7/site-packages/pyflakes/test/test_match.py::TestMatch::test_match_or_pattern SKIPPED [ 12%]
lib/python3.7/site-packages/pyflakes/test/test_match.py::TestMatch::test_match_pattern_matched_class SKIPPED [ 12%]
lib/python3.7/site-packages/pyflakes/test/test_match.py::TestMatch::test_match_placeholder SKIPPED [ 12%]
lib/python3.7/site-packages/pyflakes/test/test_match.py::TestMatch::test_match_singleton SKIPPED [ 12%]
lib/python3.7/site-packages/pyflakes/test/test_match.py::TestMatch::test_match_star SKIPPED [ 12%]
lib/python3.7/site-packages/pyflakes/test/test_other.py::Test::test_attrAugmentedAssignment PASSED [ 12%]
lib/python3.7/site-packages/pyflakes/test/test_other.py::Test::test_breakInsideLoop PASSED [ 12%]
lib/python3.7/site-packages/pyflakes/test/test_other.py::Test::test_breakOutsideLoop PASSED [ 12%]
lib/python3.7/site-packages/pyflakes/test/test_other.py::Test::test_classFunctionDecorator PASSED [ 12%]
lib/python3.7/site-packages/pyflakes/test/test_other.py::Test::test_classNameDefinedPreviously PASSED [ 12%]
lib/python3.7/site-packages/pyflakes/test/test_other.py::Test::test_classNameUndefinedInClassBody PASSED [ 12%]
lib/python3.7/site-packages/pyflakes/test/test_other.py::Test::test_classRedefinedAsFunction PASSED [ 12%]
lib/python3.7/site-packages/pyflakes/test/test_other.py::Test::test_classRedefinition PASSED [ 12%]
lib/python3.7/site-packages/pyflakes/test/test_other.py::Test::test_classWithReturn PASSED [ 12%]
lib/python3.7/site-packages/pyflakes/test/test_other.py::Test::test_classWithYield PASSED [ 12%]
lib/python3.7/site-packages/pyflakes/test/test_other.py::Test::test_classWithYieldFrom PASSED [ 12%]
lib/python3.7/site-packages/pyflakes/test/test_other.py::Test::test_comparison PASSED [ 12%]
lib/python3.7/site-packages/pyflakes/test/test_other.py::Test::test_containment PASSED [ 12%]
lib/python3.7/site-packages/pyflakes/test/test_other.py::Test::test_continueInFinally PASSED [ 12%]
lib/python3.7/site-packages/pyflakes/test/test_other.py::Test::test_continueInsideLoop PASSED [ 12%]
lib/python3.7/site-packages/pyflakes/test/test_other.py::Test::test_continueOutsideLoop PASSED [ 12%]
lib/python3.7/site-packages/pyflakes/test/test_other.py::Test::test_defaultExceptLast PASSED [ 12%]
lib/python3.7/site-packages/pyflakes/test/test_other.py::Test::test_defaultExceptNotLast PASSED [ 12%]
lib/python3.7/site-packages/pyflakes/test/test_other.py::Test::test_doubleAssignment SKIPPED [ 12%]
lib/python3.7/site-packages/pyflakes/test/test_other.py::Test::test_doubleAssignmentConditionally PASSED [ 12%]
lib/python3.7/site-packages/pyflakes/test/test_other.py::Test::test_doubleAssignmentWithUse PASSED [ 13%]
lib/python3.7/site-packages/pyflakes/test/test_other.py::Test::test_duplicateArgs PASSED [ 13%]
lib/python3.7/site-packages/pyflakes/test/test_other.py::Test::test_ellipsis PASSED [ 13%]
lib/python3.7/site-packages/pyflakes/test/test_other.py::Test::test_extendedSlice PASSED [ 13%]
lib/python3.7/site-packages/pyflakes/test/test_other.py::Test::test_functionDecorator PASSED [ 13%]
lib/python3.7/site-packages/pyflakes/test/test_other.py::Test::test_functionRedefinedAsClass PASSED [ 13%]
lib/python3.7/site-packages/pyflakes/test/test_other.py::Test::test_function_arguments PASSED [ 13%]
lib/python3.7/site-packages/pyflakes/test/test_other.py::Test::test_function_arguments_python3 PASSED [ 13%]
lib/python3.7/site-packages/pyflakes/test/test_other.py::Test::test_globalDeclaredInDifferentScope PASSED [ 13%]
lib/python3.7/site-packages/pyflakes/test/test_other.py::Test::test_identity PASSED [ 13%]
lib/python3.7/site-packages/pyflakes/test/test_other.py::Test::test_localReferencedBeforeAssignment PASSED [ 13%]
lib/python3.7/site-packages/pyflakes/test/test_other.py::Test::test_loopControl PASSED [ 13%]
lib/python3.7/site-packages/pyflakes/test/test_other.py::Test::test_modernProperty PASSED [ 13%]
lib/python3.7/site-packages/pyflakes/test/test_other.py::Test::test_moduleWithReturn PASSED [ 13%]
lib/python3.7/site-packages/pyflakes/test/test_other.py::Test::test_moduleWithYield PASSED [ 13%]
lib/python3.7/site-packages/pyflakes/test/test_other.py::Test::test_moduleWithYieldFrom PASSED [ 13%]
lib/python3.7/site-packages/pyflakes/test/test_other.py::Test::test_redefinedClassFunction PASSED [ 13%]
lib/python3.7/site-packages/pyflakes/test/test_other.py::Test::test_redefinedFunction PASSED [ 13%]
lib/python3.7/site-packages/pyflakes/test/test_other.py::Test::test_redefinedIfElseFunction PASSED [ 13%]
lib/python3.7/site-packages/pyflakes/test/test_other.py::Test::test_redefinedIfElseInListComp PASSED [ 13%]
lib/python3.7/site-packages/pyflakes/test/test_other.py::Test::test_redefinedIfFunction PASSED [ 13%]
lib/python3.7/site-packages/pyflakes/test/test_other.py::Test::test_redefinedInDictComprehension PASSED [ 13%]
lib/python3.7/site-packages/pyflakes/test/test_other.py::Test::test_redefinedInGenerator PASSED [ 13%]
lib/python3.7/site-packages/pyflakes/test/test_other.py::Test::test_redefinedInSetComprehension PASSED [ 13%]
lib/python3.7/site-packages/pyflakes/test/test_other.py::Test::test_redefinedTryExceptFunction PASSED [ 13%]
lib/python3.7/site-packages/pyflakes/test/test_other.py::Test::test_redefinedTryFunction PASSED [ 13%]
lib/python3.7/site-packages/pyflakes/test/test_other.py::Test::test_redefinedUnderscoreFunction PASSED [ 13%]
lib/python3.7/site-packages/pyflakes/test/test_other.py::Test::test_redefinedUnderscoreImportation PASSED [ 13%]
lib/python3.7/site-packages/pyflakes/test/test_other.py::Test::test_starredAssignmentErrors PASSED [ 13%]
lib/python3.7/site-packages/pyflakes/test/test_other.py::Test::test_starredAssignmentNoError PASSED [ 13%]
lib/python3.7/site-packages/pyflakes/test/test_other.py::Test::test_unaryPlus PASSED [ 13%]
lib/python3.7/site-packages/pyflakes/test/test_other.py::Test::test_undefinedBaseClass PASSED [ 13%]
lib/python3.7/site-packages/pyflakes/test/test_other.py::Test::test_varAugmentedAssignment PASSED [ 13%]
lib/python3.7/site-packages/pyflakes/test/test_other.py::TestUnusedAssignment::test_assert_static PASSED [ 13%]
lib/python3.7/site-packages/pyflakes/test/test_other.py::TestUnusedAssignment::test_assert_tuple PASSED [ 13%]
lib/python3.7/site-packages/pyflakes/test/test_other.py::TestUnusedAssignment::test_assert_tuple_empty PASSED [ 13%]
lib/python3.7/site-packages/pyflakes/test/test_other.py::TestUnusedAssignment::test_assert_with_message PASSED [ 13%]
lib/python3.7/site-packages/pyflakes/test/test_other.py::TestUnusedAssignment::test_assert_without_message PASSED [ 13%]
lib/python3.7/site-packages/pyflakes/test/test_other.py::TestUnusedAssignment::test_assignInForLoop PASSED [ 13%]
lib/python3.7/site-packages/pyflakes/test/test_other.py::TestUnusedAssignment::test_assignInListComprehension PASSED [ 13%]
lib/python3.7/site-packages/pyflakes/test/test_other.py::TestUnusedAssignment::test_assignToGlobal PASSED [ 13%]
lib/python3.7/site-packages/pyflakes/test/test_other.py::TestUnusedAssignment::test_assignToMember PASSED [ 13%]
lib/python3.7/site-packages/pyflakes/test/test_other.py::TestUnusedAssignment::test_assignToNonlocal PASSED [ 13%]
lib/python3.7/site-packages/pyflakes/test/test_other.py::TestUnusedAssignment::test_assign_expr SKIPPED [ 13%]
lib/python3.7/site-packages/pyflakes/test/test_other.py::TestUnusedAssignment::test_assign_expr_generator_scope SKIPPED [ 14%]
lib/python3.7/site-packages/pyflakes/test/test_other.py::TestUnusedAssignment::test_assign_expr_nested SKIPPED [ 14%]
lib/python3.7/site-packages/pyflakes/test/test_other.py::TestUnusedAssignment::test_assignmentInsideLoop PASSED [ 14%]
lib/python3.7/site-packages/pyflakes/test/test_other.py::TestUnusedAssignment::test_augmentedAssignmentImportedFunctionCall PASSED [ 14%]
lib/python3.7/site-packages/pyflakes/test/test_other.py::TestUnusedAssignment::test_closedOver PASSED [ 14%]
lib/python3.7/site-packages/pyflakes/test/test_other.py::TestUnusedAssignment::test_dictComprehension PASSED [ 14%]
lib/python3.7/site-packages/pyflakes/test/test_other.py::TestUnusedAssignment::test_doubleClosedOver PASSED [ 14%]
lib/python3.7/site-packages/pyflakes/test/test_other.py::TestUnusedAssignment::test_exceptWithoutNameInFunction PASSED [ 14%]
lib/python3.7/site-packages/pyflakes/test/test_other.py::TestUnusedAssignment::test_exceptWithoutNameInFunctionTuple PASSED [ 14%]
lib/python3.7/site-packages/pyflakes/test/test_other.py::TestUnusedAssignment::test_exceptionUnusedInExcept PASSED [ 14%]
lib/python3.7/site-packages/pyflakes/test/test_other.py::TestUnusedAssignment::test_exceptionUnusedInExceptInFunction PASSED [ 14%]
lib/python3.7/site-packages/pyflakes/test/test_other.py::TestUnusedAssignment::test_exceptionUsedInExcept PASSED [ 14%]
lib/python3.7/site-packages/pyflakes/test/test_other.py::TestUnusedAssignment::test_exception_unused_in_except_star SKIPPED [ 14%]
lib/python3.7/site-packages/pyflakes/test/test_other.py::TestUnusedAssignment::test_f_string PASSED [ 14%]
lib/python3.7/site-packages/pyflakes/test/test_other.py::TestUnusedAssignment::test_generatorExpression PASSED [ 14%]
lib/python3.7/site-packages/pyflakes/test/test_other.py::TestUnusedAssignment::test_if_tuple PASSED [ 14%]
lib/python3.7/site-packages/pyflakes/test/test_other.py::TestUnusedAssignment::test_ifexp PASSED [ 14%]
lib/python3.7/site-packages/pyflakes/test/test_other.py::TestUnusedAssignment::test_listUnpacking PASSED [ 14%]
lib/python3.7/site-packages/pyflakes/test/test_other.py::TestUnusedAssignment::test_setComprehensionAndLiteral PASSED [ 14%]
lib/python3.7/site-packages/pyflakes/test/test_other.py::TestUnusedAssignment::test_tracebackhideSpecialVariable PASSED [ 14%]
lib/python3.7/site-packages/pyflakes/test/test_other.py::TestUnusedAssignment::test_tupleUnpacking PASSED [ 14%]
lib/python3.7/site-packages/pyflakes/test/test_other.py::TestUnusedAssignment::test_unusedReassignedVariable SKIPPED [ 14%]
lib/python3.7/site-packages/pyflakes/test/test_other.py::TestUnusedAssignment::test_unusedUnderscoreVariable PASSED [ 14%]
lib/python3.7/site-packages/pyflakes/test/test_other.py::TestUnusedAssignment::test_unusedVariable PASSED [ 14%]
lib/python3.7/site-packages/pyflakes/test/test_other.py::TestUnusedAssignment::test_unusedVariableAsLocals PASSED [ 14%]
lib/python3.7/site-packages/pyflakes/test/test_other.py::TestUnusedAssignment::test_unusedVariableNoLocals PASSED [ 14%]
lib/python3.7/site-packages/pyflakes/test/test_other.py::TestUnusedAssignment::test_variableUsedInLoop PASSED [ 14%]
lib/python3.7/site-packages/pyflakes/test/test_other.py::TestUnusedAssignment::test_withStatementAttributeName PASSED [ 14%]
lib/python3.7/site-packages/pyflakes/test/test_other.py::TestUnusedAssignment::test_withStatementComplicatedTarget PASSED [ 14%]
lib/python3.7/site-packages/pyflakes/test/test_other.py::TestUnusedAssignment::test_withStatementListNames PASSED [ 14%]
lib/python3.7/site-packages/pyflakes/test/test_other.py::TestUnusedAssignment::test_withStatementNameDefinedInBody PASSED [ 14%]
lib/python3.7/site-packages/pyflakes/test/test_other.py::TestUnusedAssignment::test_withStatementNoNames PASSED [ 14%]
lib/python3.7/site-packages/pyflakes/test/test_other.py::TestUnusedAssignment::test_withStatementSingleName PASSED [ 14%]
lib/python3.7/site-packages/pyflakes/test/test_other.py::TestUnusedAssignment::test_withStatementSingleNameRedefined PASSED [ 14%]
lib/python3.7/site-packages/pyflakes/test/test_other.py::TestUnusedAssignment::test_withStatementSingleNameUndefined PASSED [ 14%]
lib/python3.7/site-packages/pyflakes/test/test_other.py::TestUnusedAssignment::test_withStatementSubscript PASSED [ 14%]
lib/python3.7/site-packages/pyflakes/test/test_other.py::TestUnusedAssignment::test_withStatementSubscriptUndefined PASSED [ 14%]
lib/python3.7/site-packages/pyflakes/test/test_other.py::TestUnusedAssignment::test_withStatementTupleNames PASSED [ 14%]
lib/python3.7/site-packages/pyflakes/test/test_other.py::TestUnusedAssignment::test_withStatementTupleNamesRedefined PASSED [ 14%]
lib/python3.7/site-packages/pyflakes/test/test_other.py::TestUnusedAssignment::test_withStatementTupleNamesUndefined PASSED [ 14%]
lib/python3.7/site-packages/pyflakes/test/test_other.py::TestUnusedAssignment::test_withStatementUndefinedInExpression PASSED [ 14%]
lib/python3.7/site-packages/pyflakes/test/test_other.py::TestUnusedAssignment::test_withStatementUndefinedInside PASSED [ 14%]
lib/python3.7/site-packages/pyflakes/test/test_other.py::TestUnusedAssignment::test_yieldFromUndefined PASSED [ 14%]
lib/python3.7/site-packages/pyflakes/test/test_other.py::TestStringFormatting::test_f_string_without_placeholders PASSED [ 14%]
lib/python3.7/site-packages/pyflakes/test/test_other.py::TestStringFormatting::test_invalid_dot_format_calls PASSED [ 15%]
lib/python3.7/site-packages/pyflakes/test/test_other.py::TestStringFormatting::test_invalid_percent_format_calls PASSED [ 15%]
lib/python3.7/site-packages/pyflakes/test/test_other.py::TestStringFormatting::test_ok_percent_format_cannot_determine_element_count PASSED [ 15%]
lib/python3.7/site-packages/pyflakes/test/test_other.py::TestAsyncStatements::test_asyncDef PASSED [ 15%]
lib/python3.7/site-packages/pyflakes/test/test_other.py::TestAsyncStatements::test_asyncDefAwait PASSED [ 15%]
lib/python3.7/site-packages/pyflakes/test/test_other.py::TestAsyncStatements::test_asyncDefUndefined PASSED [ 15%]
lib/python3.7/site-packages/pyflakes/test/test_other.py::TestAsyncStatements::test_asyncFor PASSED [ 15%]
lib/python3.7/site-packages/pyflakes/test/test_other.py::TestAsyncStatements::test_asyncForUnderscoreLoopVar PASSED [ 15%]
lib/python3.7/site-packages/pyflakes/test/test_other.py::TestAsyncStatements::test_asyncWith PASSED [ 15%]
lib/python3.7/site-packages/pyflakes/test/test_other.py::TestAsyncStatements::test_asyncWithItem PASSED [ 15%]
lib/python3.7/site-packages/pyflakes/test/test_other.py::TestAsyncStatements::test_continueInAsyncForFinally PASSED [ 15%]
lib/python3.7/site-packages/pyflakes/test/test_other.py::TestAsyncStatements::test_formatstring PASSED [ 15%]
lib/python3.7/site-packages/pyflakes/test/test_other.py::TestAsyncStatements::test_loopControlInAsyncFor PASSED [ 15%]
lib/python3.7/site-packages/pyflakes/test/test_other.py::TestAsyncStatements::test_loopControlInAsyncForElse PASSED [ 15%]
lib/python3.7/site-packages/pyflakes/test/test_other.py::TestAsyncStatements::test_matmul PASSED [ 15%]
lib/python3.7/site-packages/pyflakes/test/test_other.py::TestAsyncStatements::test_raise_notimplemented PASSED [ 15%]
lib/python3.7/site-packages/pyflakes/test/test_other.py::TestIncompatiblePrintOperator::test_invalid_print_when_imported_from_future PASSED [ 15%]
lib/python3.7/site-packages/pyflakes/test/test_other.py::TestIncompatiblePrintOperator::test_print_as_condition_test PASSED [ 15%]
lib/python3.7/site-packages/pyflakes/test/test_other.py::TestIncompatiblePrintOperator::test_print_function_assignment PASSED [ 15%]
lib/python3.7/site-packages/pyflakes/test/test_other.py::TestIncompatiblePrintOperator::test_print_in_lambda PASSED [ 15%]
lib/python3.7/site-packages/pyflakes/test/test_other.py::TestIncompatiblePrintOperator::test_print_returned_in_function PASSED [ 15%]
lib/python3.7/site-packages/pyflakes/test/test_other.py::TestIncompatiblePrintOperator::test_valid_print PASSED [ 15%]
lib/python3.7/site-packages/pyflakes/test/test_type_annotations.py::TestTypeAnnotations::test_TypeAlias_annotations PASSED [ 15%]
lib/python3.7/site-packages/pyflakes/test/test_type_annotations.py::TestTypeAnnotations::test_aliased_import PASSED [ 15%]
lib/python3.7/site-packages/pyflakes/test/test_type_annotations.py::TestTypeAnnotations::test_annotated_async_def PASSED [ 15%]
lib/python3.7/site-packages/pyflakes/test/test_type_annotations.py::TestTypeAnnotations::test_annotated_type_typing_missing_forward_type PASSED [ 15%]
lib/python3.7/site-packages/pyflakes/test/test_type_annotations.py::TestTypeAnnotations::test_annotated_type_typing_missing_forward_type_multiple_args PASSED [ 15%]
lib/python3.7/site-packages/pyflakes/test/test_type_annotations.py::TestTypeAnnotations::test_annotated_type_typing_with_string_args PASSED [ 15%]
lib/python3.7/site-packages/pyflakes/test/test_type_annotations.py::TestTypeAnnotations::test_annotated_type_typing_with_string_args_in_union PASSED [ 15%]
lib/python3.7/site-packages/pyflakes/test/test_type_annotations.py::TestTypeAnnotations::test_annotating_an_import PASSED [ 15%]
lib/python3.7/site-packages/pyflakes/test/test_type_annotations.py::TestTypeAnnotations::test_deferred_twice_annotation PASSED [ 15%]
lib/python3.7/site-packages/pyflakes/test/test_type_annotations.py::TestTypeAnnotations::test_idomiatic_typing_guards PASSED [ 15%]
lib/python3.7/site-packages/pyflakes/test/test_type_annotations.py::TestTypeAnnotations::test_literal_type_some_other_module PASSED [ 15%]
lib/python3.7/site-packages/pyflakes/test/test_type_annotations.py::TestTypeAnnotations::test_literal_type_typing PASSED [ 15%]
lib/python3.7/site-packages/pyflakes/test/test_type_annotations.py::TestTypeAnnotations::test_literal_type_typing_extensions PASSED [ 15%]
lib/python3.7/site-packages/pyflakes/test/test_type_annotations.py::TestTypeAnnotations::test_literal_union_type_typing PASSED [ 15%]
lib/python3.7/site-packages/pyflakes/test/test_type_annotations.py::TestTypeAnnotations::test_namedtypes_classes PASSED [ 15%]
lib/python3.7/site-packages/pyflakes/test/test_type_annotations.py::TestTypeAnnotations::test_nested_partially_quoted_type_assignment PASSED [ 15%]
lib/python3.7/site-packages/pyflakes/test/test_type_annotations.py::TestTypeAnnotations::test_not_a_typing_overload PASSED [ 15%]
lib/python3.7/site-packages/pyflakes/test/test_type_annotations.py::TestTypeAnnotations::test_overload_in_class PASSED [ 15%]
lib/python3.7/site-packages/pyflakes/test/test_type_annotations.py::TestTypeAnnotations::test_overload_with_multiple_decorators PASSED [ 15%]
lib/python3.7/site-packages/pyflakes/test/test_type_annotations.py::TestTypeAnnotations::test_partial_string_annotations_with_future_annotations PASSED [ 15%]
lib/python3.7/site-packages/pyflakes/test/test_type_annotations.py::TestTypeAnnotations::test_partially_quoted_type_annotation PASSED [ 15%]
lib/python3.7/site-packages/pyflakes/test/test_type_annotations.py::TestTypeAnnotations::test_partially_quoted_type_assignment PASSED [ 15%]
lib/python3.7/site-packages/pyflakes/test/test_type_annotations.py::TestTypeAnnotations::test_positional_only_argument_annotations SKIPPED [ 16%]
lib/python3.7/site-packages/pyflakes/test/test_type_annotations.py::TestTypeAnnotations::test_postponed_annotations PASSED [ 16%]
lib/python3.7/site-packages/pyflakes/test/test_type_annotations.py::TestTypeAnnotations::test_quoted_TypeVar_bound PASSED [ 16%]
lib/python3.7/site-packages/pyflakes/test/test_type_annotations.py::TestTypeAnnotations::test_quoted_TypeVar_constraints PASSED [ 16%]
lib/python3.7/site-packages/pyflakes/test/test_type_annotations.py::TestTypeAnnotations::test_quoted_type_cast PASSED [ 16%]
lib/python3.7/site-packages/pyflakes/test/test_type_annotations.py::TestTypeAnnotations::test_quoted_type_cast_renamed_import PASSED [ 16%]
lib/python3.7/site-packages/pyflakes/test/test_type_annotations.py::TestTypeAnnotations::test_return_annotation_is_class_scope_variable PASSED [ 16%]
[...]
E       + The object 'candidate' has failed to implement interface zope.interface.tests.test_exceptions.IDummy: The 'missing' attribute was not provided.
E       ?                                                          +++++

lib/python3.7/site-packages/zope/interface/tests/test_exceptions.py:75: AssertionError
______________________ MultipleInvalidTests.test__repr__ _______________________

self = <interface.tests.test_exceptions.MultipleInvalidTests testMethod=test__repr__>

    def test__repr__(self):
        from zope.interface.exceptions import BrokenMethodImplementation
        excs = [
            BrokenMethodImplementation('aMethod', 'I said so'),
            # Use multiple arguments to normalize repr; versions of Python
            # prior to 3.7 add a trailing comma if there's just one.
            Exception("Regular", "exception")
        ]
        dni = self._makeOne(excs)
        self.assertEqual(
            repr(dni),
>           "MultipleInvalid(<InterfaceClass zope.interface.tests.test_exceptions.IDummy>,"
            " 'target',"
            " (BrokenMethodImplementation('aMethod', 'I said so'),"
            " Exception('Regular', 'exception')))"
        )
E       AssertionError: "Mult[23 chars]lass interface.tests.test_exceptions.IDummy>, [94 chars]')))" != "Mult[23 chars]lass zope.interface.tests.test_exceptions.IDum[99 chars]')))"
E       - MultipleInvalid(<InterfaceClass interface.tests.test_exceptions.IDummy>, 'target', (BrokenMethodImplementation('aMethod', 'I said so'), Exception('Regular', 'exception')))
E       + MultipleInvalid(<InterfaceClass zope.interface.tests.test_exceptions.IDummy>, 'target', (BrokenMethodImplementation('aMethod', 'I said so'), Exception('Regular', 'exception')))
E       ?                                 +++++

lib/python3.7/site-packages/zope/interface/tests/test_exceptions.py:180: AssertionError
_______________________ MultipleInvalidTests.test__str__ _______________________

self = <interface.tests.test_exceptions.MultipleInvalidTests testMethod=test__str__>

    def test__str__(self):
        from zope.interface.exceptions import BrokenMethodImplementation
        excs = [
            BrokenMethodImplementation('aMethod', 'I said so'),
            Exception("Regular exception")
        ]
        dni = self._makeOne(excs)
        self.assertEqual(
            str(dni),
>           "The object 'target' has failed to implement interface "
            "zope.interface.tests.test_exceptions.IDummy:\n"
            "    The contract of 'aMethod' is violated because I said so\n"
            "    Regular exception"
        )
E       AssertionError: "The [45 chars]face interface.tests.test_exceptions.IDummy:\n[78 chars]tion" != "The [45 chars]face zope.interface.tests.test_exceptions.IDum[83 chars]tion"
E       - The object 'target' has failed to implement interface interface.tests.test_exceptions.IDummy:
E       + The object 'target' has failed to implement interface zope.interface.tests.test_exceptions.IDummy:
E       ?                                                       +++++
E             The contract of 'aMethod' is violated because I said so
E             Regular exception

lib/python3.7/site-packages/zope/interface/tests/test_exceptions.py:163: AssertionError
___________________ InterfaceClassTests.test___hash___normal ___________________

self = <interface.tests.test_interface.InterfaceClassTests testMethod=test___hash___normal>

    def test___hash___normal(self):
        iface = self._makeOne('HashMe')
        self.assertEqual(hash(iface),
>                        hash((('HashMe',
                                'zope.interface.tests.test_interface'))))
E       AssertionError: -1531425219420425116 != 8320591517147084356

lib/python3.7/site-packages/zope/interface/tests/test_interface.py:1038: AssertionError
___________ Test_c3_ro.test_complex_diamond_compare_legacy_argument ____________

self = <interface.tests.test_ro.Test_c3_ro testMethod=test_complex_diamond_compare_legacy_argument>

    def test_complex_diamond_compare_legacy_argument(self):
        from zope.interface import Interface
    
        A = self.test_complex_diamond(Interface)
        computed_A_iro = self._callFUT(A, log_changed_ro=True)
        # It matches, of course, but we did log a warning.
        self.assertEqual(tuple(computed_A_iro), A.__iro__)
>       self._check_handler_complex_diamond()

lib/python3.7/site-packages/zope/interface/tests/test_ro.py:253: 
_ _ _ _ _ _ _ _ _ _ _ _ _ _ _ _ _ _ _ _ _ _ _ _ _ _ _ _ _ _ _ _ _ _ _ _ _ _ _ _ 
lib/python3.7/site-packages/zope/interface/tests/test_ro.py:271: in _check_handler_complex_diamond
    zope.interface.Interface          zope.interface.Interface""")
E   AssertionError: 'Obje[14 chars]lass interface.tests.test_ro.A> has different [588 chars]face' != 'Obje[14 chars]lass zope.interface.tests.test_ro.A> has diffe[678 chars]face'
E   - Object <InterfaceClass interface.tests.test_ro.A> has different legacy and C3 MROs:
E   + Object <InterfaceClass zope.interface.tests.test_ro.A> has different legacy and C3 MROs:
E   ?                        +++++
E   -   Legacy RO (len=7)            C3 RO (len=7; inconsistent=no)
E   +   Legacy RO (len=7)                 C3 RO (len=7; inconsistent=no)
E   ?                                +++++
E   -   ========================================================
E   +   ==================================================================
E   ?   ++++++++++
E   -     interface.tests.test_ro.A    interface.tests.test_ro.A
E   +     zope.interface.tests.test_ro.A    zope.interface.tests.test_ro.A
E   ?     +++++                             +++++
E   -     interface.tests.test_ro.B    interface.tests.test_ro.B
E   +     zope.interface.tests.test_ro.B    zope.interface.tests.test_ro.B
E   ?     +++++                             +++++
E   -   - interface.tests.test_ro.E
E   +   - zope.interface.tests.test_ro.E
E   ?     +++++
E   -     interface.tests.test_ro.C    interface.tests.test_ro.C
E   +     zope.interface.tests.test_ro.C    zope.interface.tests.test_ro.C
E   ?     +++++                             +++++
E   -     interface.tests.test_ro.D    interface.tests.test_ro.D
E   +     zope.interface.tests.test_ro.D    zope.interface.tests.test_ro.D
E   ?     +++++                             +++++
E   -                                + interface.tests.test_ro.E
E   +                                     + zope.interface.tests.test_ro.E
E   ? +++++                                 +++++
E   -     interface.tests.test_ro.F    interface.tests.test_ro.F
E   +     zope.interface.tests.test_ro.F    zope.interface.tests.test_ro.F
E   ?     +++++                             +++++
E   -     zope.interface.Interface     zope.interface.Interface+     zope.interface.Interface          zope.interface.Interface?                                  +++++
------------------------------ Captured log call -------------------------------
WARNING  zope.interface.ro:ro.py:646 Object <InterfaceClass interface.tests.test_ro.A> has different legacy and C3 MROs:
  Legacy RO (len=7)            C3 RO (len=7; inconsistent=no)
  ========================================================
    interface.tests.test_ro.A    interface.tests.test_ro.A
    interface.tests.test_ro.B    interface.tests.test_ro.B
  - interface.tests.test_ro.E  
    interface.tests.test_ro.C    interface.tests.test_ro.C
    interface.tests.test_ro.D    interface.tests.test_ro.D
                               + interface.tests.test_ro.E
    interface.tests.test_ro.F    interface.tests.test_ro.F
    zope.interface.Interface     zope.interface.Interface
_____________ Test_c3_ro.test_complex_diamond_use_legacy_argument ______________

self = <interface.tests.test_ro.Test_c3_ro testMethod=test_complex_diamond_use_legacy_argument>

    def test_complex_diamond_use_legacy_argument(self):
        from zope.interface import Interface
    
        A = self.test_complex_diamond(Interface)
        legacy_A_iro = self._callFUT(A, use_legacy_ro=True)
        self.assertNotEqual(A.__iro__, legacy_A_iro)
    
        # And logging happened as a side-effect.
>       self._check_handler_complex_diamond()

lib/python3.7/site-packages/zope/interface/tests/test_ro.py:244: 
_ _ _ _ _ _ _ _ _ _ _ _ _ _ _ _ _ _ _ _ _ _ _ _ _ _ _ _ _ _ _ _ _ _ _ _ _ _ _ _ 
lib/python3.7/site-packages/zope/interface/tests/test_ro.py:271: in _check_handler_complex_diamond
    zope.interface.Interface          zope.interface.Interface""")
E   AssertionError: 'Obje[14 chars]lass interface.tests.test_ro.A> has different [588 chars]face' != 'Obje[14 chars]lass zope.interface.tests.test_ro.A> has diffe[678 chars]face'
E   - Object <InterfaceClass interface.tests.test_ro.A> has different legacy and C3 MROs:
E   + Object <InterfaceClass zope.interface.tests.test_ro.A> has different legacy and C3 MROs:
E   ?                        +++++
E   -   Legacy RO (len=7)            C3 RO (len=7; inconsistent=no)
E   +   Legacy RO (len=7)                 C3 RO (len=7; inconsistent=no)
E   ?                                +++++
E   -   ========================================================
E   +   ==================================================================
E   ?   ++++++++++
E   -     interface.tests.test_ro.A    interface.tests.test_ro.A
E   +     zope.interface.tests.test_ro.A    zope.interface.tests.test_ro.A
E   ?     +++++                             +++++
E   -     interface.tests.test_ro.B    interface.tests.test_ro.B
E   +     zope.interface.tests.test_ro.B    zope.interface.tests.test_ro.B
E   ?     +++++                             +++++
E   -   - interface.tests.test_ro.E
E   +   - zope.interface.tests.test_ro.E
E   ?     +++++
E   -     interface.tests.test_ro.C    interface.tests.test_ro.C
E   +     zope.interface.tests.test_ro.C    zope.interface.tests.test_ro.C
E   ?     +++++                             +++++
E   -     interface.tests.test_ro.D    interface.tests.test_ro.D
E   +     zope.interface.tests.test_ro.D    zope.interface.tests.test_ro.D
E   ?     +++++                             +++++
E   -                                + interface.tests.test_ro.E
E   +                                     + zope.interface.tests.test_ro.E
E   ? +++++                                 +++++
E   -     interface.tests.test_ro.F    interface.tests.test_ro.F
E   +     zope.interface.tests.test_ro.F    zope.interface.tests.test_ro.F
E   ?     +++++                             +++++
E   -     zope.interface.Interface     zope.interface.Interface+     zope.interface.Interface          zope.interface.Interface?                                  +++++
------------------------------ Captured log call -------------------------------
WARNING  zope.interface.ro:ro.py:646 Object <InterfaceClass interface.tests.test_ro.A> has different legacy and C3 MROs:
  Legacy RO (len=7)            C3 RO (len=7; inconsistent=no)
  ========================================================
    interface.tests.test_ro.A    interface.tests.test_ro.A
    interface.tests.test_ro.B    interface.tests.test_ro.B
  - interface.tests.test_ro.E  
    interface.tests.test_ro.C    interface.tests.test_ro.C
    interface.tests.test_ro.D    interface.tests.test_ro.D
                               + interface.tests.test_ro.E
    interface.tests.test_ro.F    interface.tests.test_ro.F
    zope.interface.Interface     zope.interface.Interface
___________________________ Test.test_w_equal_names ____________________________

self = <interface.tests.test_sorting.Test testMethod=test_w_equal_names>

    def test_w_equal_names(self):
        # interfaces with equal names but different modules should sort by
        # module name
        from zope.interface.tests.m1 import I1 as m1_I1
        l = [I1, m1_I1]
        l.sort()
>       self.assertEqual(l, [m1_I1, I1])
E       AssertionError: Lists differ: [<InterfaceClass interface.tests.test_sorting.I1>, <Interf[32 chars].I1>] != [<InterfaceClass zope.interface.tests.m1.I1>, <InterfaceCl[32 chars].I1>]
E       
E       First differing element 0:
E       <InterfaceClass interface.tests.test_sorting.I1>
E       <InterfaceClass zope.interface.tests.m1.I1>
E       
E       + [<InterfaceClass zope.interface.tests.m1.I1>,
E       - [<InterfaceClass interface.tests.test_sorting.I1>,
E       ? ^                                                ^
E       
E       +  <InterfaceClass interface.tests.test_sorting.I1>]
E       ? ^                                                ^
E       
E       -  <InterfaceClass zope.interface.tests.m1.I1>]

lib/python3.7/site-packages/zope/interface/tests/test_sorting.py:47: AssertionError
_____________________________ [doctest] test-1.txt _____________________________
001 >>> test.a
UNEXPECTED EXCEPTION: NameError("name 'test' is not defined")
Traceback (most recent call last):
  File "/usr/lib64/python3.7/doctest.py", line 1337, in __run
    compileflags, 1), test.globs)
  File "<doctest test-1.txt[0]>", line 1, in <module>
NameError: name 'test' is not defined
/home/croy/astro3/lib64/python3.7/site-packages/zope/testing/test-1.txt:1: UnexpectedException
_____________________________ [doctest] test4.txt ______________________________
001     >>> test.a, test.x, c
UNEXPECTED EXCEPTION: NameError("name 'test' is not defined")
Traceback (most recent call last):
  File "/usr/lib64/python3.7/doctest.py", line 1337, in __run
    compileflags, 1), test.globs)
  File "<doctest test4.txt[0]>", line 1, in <module>
NameError: name 'test' is not defined
/home/croy/astro3/lib64/python3.7/site-packages/zope/testing/test4.txt:1: UnexpectedException
_____________________________ [doctest] test4f.txt _____________________________
001     >>> test.x
UNEXPECTED EXCEPTION: NameError("name 'test' is not defined")
Traceback (most recent call last):
  File "/usr/lib64/python3.7/doctest.py", line 1337, in __run
    compileflags, 1), test.globs)
  File "<doctest test4f.txt[0]>", line 1, in <module>
NameError: name 'test' is not defined
/home/croy/astro3/lib64/python3.7/site-packages/zope/testing/test4f.txt:1: UnexpectedException
=========================== short test summary info ============================
FAILED lib/python3.7/site-packages/pyflakes/test/test_api.py::IntegrationTests::test_errors_io
FAILED lib/python3.7/site-packages/pyflakes/test/test_api.py::IntegrationTests::test_errors_syntax
FAILED lib/python3.7/site-packages/pyflakes/test/test_api.py::IntegrationTests::test_fileWithFlakes
FAILED lib/python3.7/site-packages/pyflakes/test/test_api.py::IntegrationTests::test_goodFile
FAILED lib/python3.7/site-packages/pyflakes/test/test_api.py::IntegrationTests::test_readFromStdin
FAILED lib/python3.7/site-packages/zope/interface/tests/test_declarations.py::Test_implementedByFallback::test_w_None_no_bases_w_class
FAILED lib/python3.7/site-packages/zope/interface/tests/test_declarations.py::Test_implementedByFallback::test_w_None_no_bases_w_factory
FAILED lib/python3.7/site-packages/zope/interface/tests/test_declarations.py::Test_implementedBy::test_w_None_no_bases_w_class
FAILED lib/python3.7/site-packages/zope/interface/tests/test_declarations.py::Test_implementedBy::test_w_None_no_bases_w_factory
FAILED lib/python3.7/site-packages/zope/interface/tests/test_declarations.py::Test_implementer::test_nonclass_can_assign_attr
FAILED lib/python3.7/site-packages/zope/interface/tests/test_declarations.py::TestProvidesClassRepr::test__repr__directlyProvides_module
FAILED lib/python3.7/site-packages/zope/interface/tests/test_exceptions.py::DoesNotImplementTests::test___str__
FAILED lib/python3.7/site-packages/zope/interface/tests/test_exceptions.py::DoesNotImplementTests::test___str__w_candidate
FAILED lib/python3.7/site-packages/zope/interface/tests/test_exceptions.py::BrokenImplementationTests::test___str__
FAILED lib/python3.7/site-packages/zope/interface/tests/test_exceptions.py::BrokenImplementationTests::test___str__w_candidate
FAILED lib/python3.7/site-packages/zope/interface/tests/test_exceptions.py::MultipleInvalidTests::test__repr__
FAILED lib/python3.7/site-packages/zope/interface/tests/test_exceptions.py::MultipleInvalidTests::test__str__
FAILED lib/python3.7/site-packages/zope/interface/tests/test_interface.py::InterfaceClassTests::test___hash___normal
FAILED lib/python3.7/site-packages/zope/interface/tests/test_ro.py::Test_c3_ro::test_complex_diamond_compare_legacy_argument
FAILED lib/python3.7/site-packages/zope/interface/tests/test_ro.py::Test_c3_ro::test_complex_diamond_use_legacy_argument
FAILED lib/python3.7/site-packages/zope/interface/tests/test_sorting.py::Test::test_w_equal_names
FAILED lib/python3.7/site-packages/zope/testing/test-1.txt::test-1.txt
FAILED lib/python3.7/site-packages/zope/testing/test4.txt::test4.txt
FAILED lib/python3.7/site-packages/zope/testing/test4f.txt::test4f.txt
FAILED lib64/python3.7/site-packages/pyflakes/test/test_api.py::IntegrationTests::test_errors_io
FAILED lib64/python3.7/site-packages/pyflakes/test/test_api.py::IntegrationTests::test_errors_syntax
FAILED lib64/python3.7/site-packages/pyflakes/test/test_api.py::IntegrationTests::test_fileWithFlakes
FAILED lib64/python3.7/site-packages/pyflakes/test/test_api.py::IntegrationTests::test_goodFile
FAILED lib64/python3.7/site-packages/pyflakes/test/test_api.py::IntegrationTests::test_readFromStdin
FAILED lib64/python3.7/site-packages/zope/interface/tests/test_declarations.py::TestImmutableDeclaration::test___iro___
FAILED lib64/python3.7/site-packages/zope/interface/tests/test_declarations.py::TestImmutableDeclaration::test___sro___
FAILED lib64/python3.7/site-packages/zope/interface/tests/test_declarations.py::TestImmutableDeclaration::test_flattened_empty
FAILED lib64/python3.7/site-packages/zope/interface/tests/test_declarations.py::Test_implementedByFallback::test_w_None_no_bases_w_class
FAILED lib64/python3.7/site-packages/zope/interface/tests/test_declarations.py::Test_implementedByFallback::test_w_None_no_bases_w_factory
FAILED lib64/python3.7/site-packages/zope/interface/tests/test_declarations.py::Test_implementedBy::test_w_None_no_bases_w_class
FAILED lib64/python3.7/site-packages/zope/interface/tests/test_declarations.py::Test_implementedBy::test_w_None_no_bases_w_factory
FAILED lib64/python3.7/site-packages/zope/interface/tests/test_declarations.py::Test_implementer::test_nonclass_can_assign_attr
FAILED lib64/python3.7/site-packages/zope/interface/tests/test_declarations.py::TestProvidesClassRepr::test__repr__directlyProvides_module
FAILED lib64/python3.7/site-packages/zope/interface/tests/test_exceptions.py::DoesNotImplementTests::test___str__
FAILED lib64/python3.7/site-packages/zope/interface/tests/test_exceptions.py::DoesNotImplementTests::test___str__w_candidate
FAILED lib64/python3.7/site-packages/zope/interface/tests/test_exceptions.py::BrokenImplementationTests::test___str__
FAILED lib64/python3.7/site-packages/zope/interface/tests/test_exceptions.py::BrokenImplementationTests::test___str__w_candidate
FAILED lib64/python3.7/site-packages/zope/interface/tests/test_exceptions.py::MultipleInvalidTests::test__repr__
FAILED lib64/python3.7/site-packages/zope/interface/tests/test_exceptions.py::MultipleInvalidTests::test__str__
FAILED lib64/python3.7/site-packages/zope/interface/tests/test_interface.py::InterfaceClassTests::test___hash___normal
FAILED lib64/python3.7/site-packages/zope/interface/tests/test_ro.py::Test_c3_ro::test_complex_diamond_compare_legacy_argument
FAILED lib64/python3.7/site-packages/zope/interface/tests/test_ro.py::Test_c3_ro::test_complex_diamond_use_legacy_argument
FAILED lib64/python3.7/site-packages/zope/interface/tests/test_sorting.py::Test::test_w_equal_names
FAILED lib64/python3.7/site-packages/zope/testing/test-1.txt::test-1.txt
FAILED lib64/python3.7/site-packages/zope/testing/test4.txt::test4.txt
FAILED lib64/python3.7/site-packages/zope/testing/test4f.txt::test4f.txt
================= 51 failed, 4263 passed, 96 skipped in 14.12s =================
